DEBUG pool-4-thread-1 freemarker.cache - TemplateLoader.findTemplateSource("freemarker/libraries/jquery_en_GB.ftl"): Not found
DEBUG pool-4-thread-2 freemarker.cache - "freemarker/libraries/font-awesome.ftl"("en_GB", UTF-8, parsed): using cached since jar:file:/C:/Users/jorma/.gradle/caches/modules-2/files-2.1/net.serenity-bdd/serenity-report-resources/1.9.20/55fda2f402e79fcebc34ac6e1f68d8c4b4cb92f0/serenity-report-resources-1.9.20.jar!/freemarker/libraries/font-awesome.ftl hasn't changed.
DEBUG pool-4-thread-1 freemarker.cache - TemplateLoader.findTemplateSource("freemarker/libraries/jquery_en.ftl"): Not found
DEBUG pool-4-thread-1 freemarker.cache - TemplateLoader.findTemplateSource("freemarker/libraries/jquery.ftl"): Found
DEBUG pool-4-thread-2 freemarker.cache - TemplateLoader.findTemplateSource("freemarker/libraries/jquery_en_GB.ftl"): Not found
DEBUG pool-4-thread-1 freemarker.cache - "freemarker/libraries/jquery.ftl"("en_GB", UTF-8, parsed): using cached since jar:file:/C:/Users/jorma/.gradle/caches/modules-2/files-2.1/net.serenity-bdd/serenity-report-resources/1.9.20/55fda2f402e79fcebc34ac6e1f68d8c4b4cb92f0/serenity-report-resources-1.9.20.jar!/freemarker/libraries/jquery.ftl hasn't changed.
DEBUG pool-4-thread-2 freemarker.cache - TemplateLoader.findTemplateSource("freemarker/libraries/jquery_en.ftl"): Not found
DEBUG pool-4-thread-2 freemarker.cache - TemplateLoader.findTemplateSource("freemarker/libraries/jquery.ftl"): Found
DEBUG pool-4-thread-1 freemarker.cache - TemplateLoader.findTemplateSource("freemarker/libraries/bootstrap_en_GB.ftl"): Not found
DEBUG pool-4-thread-2 freemarker.cache - "freemarker/libraries/jquery.ftl"("en_GB", UTF-8, parsed): using cached since jar:file:/C:/Users/jorma/.gradle/caches/modules-2/files-2.1/net.serenity-bdd/serenity-report-resources/1.9.20/55fda2f402e79fcebc34ac6e1f68d8c4b4cb92f0/serenity-report-resources-1.9.20.jar!/freemarker/libraries/jquery.ftl hasn't changed.
DEBUG pool-4-thread-1 freemarker.cache - TemplateLoader.findTemplateSource("freemarker/libraries/bootstrap_en.ftl"): Not found
DEBUG pool-4-thread-1 freemarker.cache - TemplateLoader.findTemplateSource("freemarker/libraries/bootstrap.ftl"): Found
DEBUG pool-4-thread-2 freemarker.cache - TemplateLoader.findTemplateSource("freemarker/libraries/bootstrap_en_GB.ftl"): Not found
DEBUG pool-4-thread-1 freemarker.cache - "freemarker/libraries/bootstrap.ftl"("en_GB", UTF-8, parsed): using cached since jar:file:/C:/Users/jorma/.gradle/caches/modules-2/files-2.1/net.serenity-bdd/serenity-report-resources/1.9.20/55fda2f402e79fcebc34ac6e1f68d8c4b4cb92f0/serenity-report-resources-1.9.20.jar!/freemarker/libraries/bootstrap.ftl hasn't changed.
DEBUG pool-4-thread-2 freemarker.cache - TemplateLoader.findTemplateSource("freemarker/libraries/bootstrap_en.ftl"): Not found
DEBUG pool-4-thread-2 freemarker.cache - TemplateLoader.findTemplateSource("freemarker/libraries/bootstrap.ftl"): Found
DEBUG pool-4-thread-1 freemarker.cache - TemplateLoader.findTemplateSource("freemarker/libraries/css_en_GB.ftl"): Not found
DEBUG pool-4-thread-2 freemarker.cache - "freemarker/libraries/bootstrap.ftl"("en_GB", UTF-8, parsed): using cached since jar:file:/C:/Users/jorma/.gradle/caches/modules-2/files-2.1/net.serenity-bdd/serenity-report-resources/1.9.20/55fda2f402e79fcebc34ac6e1f68d8c4b4cb92f0/serenity-report-resources-1.9.20.jar!/freemarker/libraries/bootstrap.ftl hasn't changed.
DEBUG pool-4-thread-1 freemarker.cache - TemplateLoader.findTemplateSource("freemarker/libraries/css_en.ftl"): Not found
DEBUG pool-4-thread-1 freemarker.cache - TemplateLoader.findTemplateSource("freemarker/libraries/css.ftl"): Found
DEBUG pool-4-thread-2 freemarker.cache - TemplateLoader.findTemplateSource("freemarker/libraries/css_en_GB.ftl"): Not found
DEBUG pool-4-thread-1 freemarker.cache - "freemarker/libraries/css.ftl"("en_GB", UTF-8, parsed): using cached since jar:file:/C:/Users/jorma/.gradle/caches/modules-2/files-2.1/net.serenity-bdd/serenity-report-resources/1.9.20/55fda2f402e79fcebc34ac6e1f68d8c4b4cb92f0/serenity-report-resources-1.9.20.jar!/freemarker/libraries/css.ftl hasn't changed.
DEBUG pool-4-thread-2 freemarker.cache - TemplateLoader.findTemplateSource("freemarker/libraries/css_en.ftl"): Not found
DEBUG pool-4-thread-2 freemarker.cache - TemplateLoader.findTemplateSource("freemarker/libraries/css.ftl"): Found
DEBUG pool-4-thread-1 freemarker.cache - TemplateLoader.findTemplateSource("freemarker/libraries/nivo-slider_en_GB.ftl"): Not found
DEBUG pool-4-thread-2 freemarker.cache - "freemarker/libraries/css.ftl"("en_GB", UTF-8, parsed): using cached since jar:file:/C:/Users/jorma/.gradle/caches/modules-2/files-2.1/net.serenity-bdd/serenity-report-resources/1.9.20/55fda2f402e79fcebc34ac6e1f68d8c4b4cb92f0/serenity-report-resources-1.9.20.jar!/freemarker/libraries/css.ftl hasn't changed.
DEBUG pool-4-thread-1 freemarker.cache - TemplateLoader.findTemplateSource("freemarker/libraries/nivo-slider_en.ftl"): Not found
DEBUG pool-4-thread-1 freemarker.cache - TemplateLoader.findTemplateSource("freemarker/libraries/nivo-slider.ftl"): Found
DEBUG pool-4-thread-2 freemarker.cache - TemplateLoader.findTemplateSource("freemarker/libraries/nivo-slider_en_GB.ftl"): Not found
DEBUG pool-4-thread-1 freemarker.cache - "freemarker/libraries/nivo-slider.ftl"("en_GB", UTF-8, parsed): using cached since jar:file:/C:/Users/jorma/.gradle/caches/modules-2/files-2.1/net.serenity-bdd/serenity-report-resources/1.9.20/55fda2f402e79fcebc34ac6e1f68d8c4b4cb92f0/serenity-report-resources-1.9.20.jar!/freemarker/libraries/nivo-slider.ftl hasn't changed.
DEBUG pool-4-thread-2 freemarker.cache - TemplateLoader.findTemplateSource("freemarker/libraries/nivo-slider_en.ftl"): Not found
DEBUG pool-4-thread-1 freemarker.cache - TemplateLoader.findTemplateSource("freemarker/components/stacktrace_en_GB.ftl"): Not found
DEBUG pool-4-thread-2 freemarker.cache - TemplateLoader.findTemplateSource("freemarker/libraries/nivo-slider.ftl"): Found
DEBUG pool-4-thread-2 freemarker.cache - "freemarker/libraries/nivo-slider.ftl"("en_GB", UTF-8, parsed): using cached since jar:file:/C:/Users/jorma/.gradle/caches/modules-2/files-2.1/net.serenity-bdd/serenity-report-resources/1.9.20/55fda2f402e79fcebc34ac6e1f68d8c4b4cb92f0/serenity-report-resources-1.9.20.jar!/freemarker/libraries/nivo-slider.ftl hasn't changed.
DEBUG pool-4-thread-1 freemarker.cache - TemplateLoader.findTemplateSource("freemarker/components/stacktrace_en.ftl"): Not found
DEBUG pool-4-thread-1 freemarker.cache - TemplateLoader.findTemplateSource("freemarker/components/stacktrace.ftl"): Found
DEBUG pool-4-thread-1 freemarker.cache - "freemarker/components/stacktrace.ftl"("en_GB", UTF-8, parsed): using cached since jar:file:/C:/Users/jorma/.gradle/caches/modules-2/files-2.1/net.serenity-bdd/serenity-report-resources/1.9.20/55fda2f402e79fcebc34ac6e1f68d8c4b4cb92f0/serenity-report-resources-1.9.20.jar!/freemarker/components/stacktrace.ftl hasn't changed.
DEBUG pool-4-thread-2 freemarker.cache - TemplateLoader.findTemplateSource("freemarker/components/stacktrace_en_GB.ftl"): Not found
DEBUG pool-4-thread-2 freemarker.cache - TemplateLoader.findTemplateSource("freemarker/components/stacktrace_en.ftl"): Not found
DEBUG pool-4-thread-2 freemarker.cache - TemplateLoader.findTemplateSource("freemarker/components/stacktrace.ftl"): Found
DEBUG pool-4-thread-2 freemarker.cache - "freemarker/components/stacktrace.ftl"("en_GB", UTF-8, parsed): using cached since jar:file:/C:/Users/jorma/.gradle/caches/modules-2/files-2.1/net.serenity-bdd/serenity-report-resources/1.9.20/55fda2f402e79fcebc34ac6e1f68d8c4b4cb92f0/serenity-report-resources-1.9.20.jar!/freemarker/components/stacktrace.ftl hasn't changed.
DEBUG pool-4-thread-1 freemarker.cache - TemplateLoader.findTemplateSource("freemarker/menu_en_GB.ftl"): Not found
DEBUG pool-4-thread-2 freemarker.cache - TemplateLoader.findTemplateSource("freemarker/menu_en_GB.ftl"): Not found
DEBUG pool-4-thread-1 freemarker.cache - TemplateLoader.findTemplateSource("freemarker/menu_en.ftl"): Not found
DEBUG pool-4-thread-1 freemarker.cache - TemplateLoader.findTemplateSource("freemarker/menu.ftl"): Found
DEBUG pool-4-thread-2 freemarker.cache - TemplateLoader.findTemplateSource("freemarker/menu_en.ftl"): Not found
DEBUG pool-4-thread-1 freemarker.cache - "freemarker/menu.ftl"("en_GB", UTF-8, parsed): using cached since jar:file:/C:/Users/jorma/.gradle/caches/modules-2/files-2.1/net.serenity-bdd/serenity-report-resources/1.9.20/55fda2f402e79fcebc34ac6e1f68d8c4b4cb92f0/serenity-report-resources-1.9.20.jar!/freemarker/menu.ftl hasn't changed.
DEBUG pool-4-thread-2 freemarker.cache - TemplateLoader.findTemplateSource("freemarker/menu.ftl"): Found
DEBUG pool-4-thread-2 freemarker.cache - "freemarker/menu.ftl"("en_GB", UTF-8, parsed): using cached since jar:file:/C:/Users/jorma/.gradle/caches/modules-2/files-2.1/net.serenity-bdd/serenity-report-resources/1.9.20/55fda2f402e79fcebc34ac6e1f68d8c4b4cb92f0/serenity-report-resources-1.9.20.jar!/freemarker/menu.ftl hasn't changed.
DEBUG pool-4-thread-2 freemarker.cache - "freemarker/libraries/favicon.ftl"("en_GB", UTF-8, parsed) cached copy not yet stale; using cached.
DEBUG pool-4-thread-2 freemarker.cache - "freemarker/libraries/common.ftl"("en_GB", UTF-8, parsed) cached copy not yet stale; using cached.
DEBUG pool-4-thread-2 freemarker.cache - "freemarker/libraries/font-awesome.ftl"("en_GB", UTF-8, parsed) cached copy not yet stale; using cached.
DEBUG pool-4-thread-2 freemarker.cache - "freemarker/libraries/jquery.ftl"("en_GB", UTF-8, parsed) cached copy not yet stale; using cached.
DEBUG pool-4-thread-2 freemarker.cache - "freemarker/libraries/bootstrap.ftl"("en_GB", UTF-8, parsed) cached copy not yet stale; using cached.
DEBUG pool-4-thread-2 freemarker.cache - "freemarker/libraries/css.ftl"("en_GB", UTF-8, parsed) cached copy not yet stale; using cached.
DEBUG pool-4-thread-2 freemarker.cache - TemplateLoader.findTemplateSource("freemarker/libraries/jquery-ui_en_GB.ftl"): Not found
DEBUG pool-4-thread-2 freemarker.cache - TemplateLoader.findTemplateSource("freemarker/libraries/jquery-ui_en.ftl"): Not found
DEBUG pool-4-thread-2 freemarker.cache - TemplateLoader.findTemplateSource("freemarker/libraries/jquery-ui.ftl"): Found
DEBUG pool-4-thread-2 freemarker.cache - "freemarker/libraries/jquery-ui.ftl"("en_GB", UTF-8, parsed): using cached since jar:file:/C:/Users/jorma/.gradle/caches/modules-2/files-2.1/net.serenity-bdd/serenity-report-resources/1.9.20/55fda2f402e79fcebc34ac6e1f68d8c4b4cb92f0/serenity-report-resources-1.9.20.jar!/freemarker/libraries/jquery-ui.ftl hasn't changed.
DEBUG pool-4-thread-2 freemarker.cache - TemplateLoader.findTemplateSource("freemarker/libraries/datatables_en_GB.ftl"): Not found
DEBUG pool-4-thread-2 freemarker.cache - TemplateLoader.findTemplateSource("freemarker/libraries/datatables_en.ftl"): Not found
DEBUG pool-4-thread-1 freemarker.cache - "freemarker/libraries/favicon.ftl"("en_GB", UTF-8, parsed) cached copy not yet stale; using cached.
DEBUG pool-4-thread-2 freemarker.cache - TemplateLoader.findTemplateSource("freemarker/libraries/datatables.ftl"): Found
DEBUG pool-4-thread-1 freemarker.cache - "freemarker/libraries/common.ftl"("en_GB", UTF-8, parsed) cached copy not yet stale; using cached.
DEBUG pool-4-thread-2 freemarker.cache - "freemarker/libraries/datatables.ftl"("en_GB", UTF-8, parsed): using cached since jar:file:/C:/Users/jorma/.gradle/caches/modules-2/files-2.1/net.serenity-bdd/serenity-report-resources/1.9.20/55fda2f402e79fcebc34ac6e1f68d8c4b4cb92f0/serenity-report-resources-1.9.20.jar!/freemarker/libraries/datatables.ftl hasn't changed.
DEBUG pool-4-thread-1 freemarker.cache - "freemarker/libraries/font-awesome.ftl"("en_GB", UTF-8, parsed) cached copy not yet stale; using cached.
DEBUG pool-4-thread-1 freemarker.cache - "freemarker/libraries/jquery.ftl"("en_GB", UTF-8, parsed) cached copy not yet stale; using cached.
DEBUG pool-4-thread-1 freemarker.cache - "freemarker/libraries/bootstrap.ftl"("en_GB", UTF-8, parsed) cached copy not yet stale; using cached.
DEBUG pool-4-thread-1 freemarker.cache - "freemarker/libraries/css.ftl"("en_GB", UTF-8, parsed) cached copy not yet stale; using cached.
DEBUG pool-4-thread-2 freemarker.cache - TemplateLoader.findTemplateSource("freemarker/libraries/imgpreview_en_GB.ftl"): Not found
DEBUG pool-4-thread-1 freemarker.cache - "freemarker/libraries/jquery-ui.ftl"("en_GB", UTF-8, parsed) cached copy not yet stale; using cached.
DEBUG pool-4-thread-1 freemarker.cache - "freemarker/libraries/datatables.ftl"("en_GB", UTF-8, parsed) cached copy not yet stale; using cached.
DEBUG pool-4-thread-2 freemarker.cache - TemplateLoader.findTemplateSource("freemarker/libraries/imgpreview_en.ftl"): Not found
DEBUG pool-4-thread-1 freemarker.cache - TemplateLoader.findTemplateSource("freemarker/libraries/imgpreview_en_GB.ftl"): Not found
DEBUG pool-4-thread-2 freemarker.cache - TemplateLoader.findTemplateSource("freemarker/libraries/imgpreview.ftl"): Found
DEBUG pool-4-thread-2 freemarker.cache - "freemarker/libraries/imgpreview.ftl"("en_GB", UTF-8, parsed): using cached since jar:file:/C:/Users/jorma/.gradle/caches/modules-2/files-2.1/net.serenity-bdd/serenity-report-resources/1.9.20/55fda2f402e79fcebc34ac6e1f68d8c4b4cb92f0/serenity-report-resources-1.9.20.jar!/freemarker/libraries/imgpreview.ftl hasn't changed.
DEBUG pool-4-thread-1 freemarker.cache - TemplateLoader.findTemplateSource("freemarker/libraries/imgpreview_en.ftl"): Not found
DEBUG pool-4-thread-2 freemarker.cache - "freemarker/components/stacktrace.ftl"("en_GB", UTF-8, parsed) cached copy not yet stale; using cached.
DEBUG pool-4-thread-1 freemarker.cache - TemplateLoader.findTemplateSource("freemarker/libraries/imgpreview.ftl"): Found
DEBUG pool-4-thread-1 freemarker.cache - "freemarker/libraries/imgpreview.ftl"("en_GB", UTF-8, parsed): using cached since jar:file:/C:/Users/jorma/.gradle/caches/modules-2/files-2.1/net.serenity-bdd/serenity-report-resources/1.9.20/55fda2f402e79fcebc34ac6e1f68d8c4b4cb92f0/serenity-report-resources-1.9.20.jar!/freemarker/libraries/imgpreview.ftl hasn't changed.
DEBUG pool-4-thread-1 freemarker.cache - "freemarker/components/stacktrace.ftl"("en_GB", UTF-8, parsed) cached copy not yet stale; using cached.
DEBUG pool-4-thread-2 freemarker.cache - "freemarker/menu.ftl"("en_GB", UTF-8, parsed) cached copy not yet stale; using cached.
DEBUG pool-4-thread-1 freemarker.cache - "freemarker/menu.ftl"("en_GB", UTF-8, parsed) cached copy not yet stale; using cached.
DEBUG pool-6-thread-1 freemarker.cache - "freemarker/libraries/favicon.ftl"("en_GB", UTF-8, parsed) cached copy not yet stale; using cached.
DEBUG pool-6-thread-1 freemarker.cache - "freemarker/libraries/common.ftl"("en_GB", UTF-8, parsed) cached copy not yet stale; using cached.
DEBUG pool-6-thread-1 freemarker.cache - "freemarker/libraries/font-awesome.ftl"("en_GB", UTF-8, parsed) cached copy not yet stale; using cached.
DEBUG pool-6-thread-2 freemarker.cache - "freemarker/libraries/favicon.ftl"("en_GB", UTF-8, parsed) cached copy not yet stale; using cached.
DEBUG pool-6-thread-1 freemarker.cache - "freemarker/libraries/jquery.ftl"("en_GB", UTF-8, parsed) cached copy not yet stale; using cached.
DEBUG pool-6-thread-2 freemarker.cache - "freemarker/libraries/common.ftl"("en_GB", UTF-8, parsed) cached copy not yet stale; using cached.
DEBUG pool-6-thread-1 freemarker.cache - "freemarker/libraries/bootstrap.ftl"("en_GB", UTF-8, parsed) cached copy not yet stale; using cached.
DEBUG pool-6-thread-2 freemarker.cache - "freemarker/libraries/font-awesome.ftl"("en_GB", UTF-8, parsed) cached copy not yet stale; using cached.
DEBUG pool-6-thread-1 freemarker.cache - "freemarker/libraries/css.ftl"("en_GB", UTF-8, parsed) cached copy not yet stale; using cached.
DEBUG pool-6-thread-2 freemarker.cache - "freemarker/libraries/jquery.ftl"("en_GB", UTF-8, parsed) cached copy not yet stale; using cached.
DEBUG pool-6-thread-1 freemarker.cache - "freemarker/libraries/nivo-slider.ftl"("en_GB", UTF-8, parsed) cached copy not yet stale; using cached.
DEBUG pool-6-thread-2 freemarker.cache - "freemarker/libraries/bootstrap.ftl"("en_GB", UTF-8, parsed) cached copy not yet stale; using cached.
DEBUG pool-6-thread-1 freemarker.cache - "freemarker/components/stacktrace.ftl"("en_GB", UTF-8, parsed) cached copy not yet stale; using cached.
DEBUG pool-6-thread-2 freemarker.cache - "freemarker/libraries/css.ftl"("en_GB", UTF-8, parsed) cached copy not yet stale; using cached.
DEBUG pool-6-thread-2 freemarker.cache - "freemarker/libraries/nivo-slider.ftl"("en_GB", UTF-8, parsed) cached copy not yet stale; using cached.
DEBUG pool-6-thread-2 freemarker.cache - "freemarker/components/stacktrace.ftl"("en_GB", UTF-8, parsed) cached copy not yet stale; using cached.
DEBUG pool-6-thread-1 freemarker.cache - "freemarker/menu.ftl"("en_GB", UTF-8, parsed) cached copy not yet stale; using cached.
DEBUG pool-6-thread-2 freemarker.cache - "freemarker/menu.ftl"("en_GB", UTF-8, parsed) cached copy not yet stale; using cached.
DEBUG pool-6-thread-1 freemarker.cache - "freemarker/libraries/favicon.ftl"("en_GB", UTF-8, parsed) cached copy not yet stale; using cached.
DEBUG pool-6-thread-1 freemarker.cache - "freemarker/libraries/common.ftl"("en_GB", UTF-8, parsed) cached copy not yet stale; using cached.
DEBUG pool-6-thread-1 freemarker.cache - "freemarker/libraries/font-awesome.ftl"("en_GB", UTF-8, parsed) cached copy not yet stale; using cached.
DEBUG pool-6-thread-1 freemarker.cache - "freemarker/libraries/jquery.ftl"("en_GB", UTF-8, parsed) cached copy not yet stale; using cached.
DEBUG pool-6-thread-1 freemarker.cache - "freemarker/libraries/bootstrap.ftl"("en_GB", UTF-8, parsed) cached copy not yet stale; using cached.
DEBUG pool-6-thread-1 freemarker.cache - "freemarker/libraries/css.ftl"("en_GB", UTF-8, parsed) cached copy not yet stale; using cached.
DEBUG pool-6-thread-1 freemarker.cache - "freemarker/libraries/jquery-ui.ftl"("en_GB", UTF-8, parsed) cached copy not yet stale; using cached.
DEBUG pool-6-thread-1 freemarker.cache - "freemarker/libraries/datatables.ftl"("en_GB", UTF-8, parsed) cached copy not yet stale; using cached.
DEBUG pool-6-thread-2 freemarker.cache - "freemarker/libraries/favicon.ftl"("en_GB", UTF-8, parsed) cached copy not yet stale; using cached.
DEBUG pool-6-thread-1 freemarker.cache - "freemarker/libraries/imgpreview.ftl"("en_GB", UTF-8, parsed) cached copy not yet stale; using cached.
DEBUG pool-6-thread-2 freemarker.cache - "freemarker/libraries/common.ftl"("en_GB", UTF-8, parsed) cached copy not yet stale; using cached.
DEBUG pool-6-thread-1 freemarker.cache - "freemarker/components/stacktrace.ftl"("en_GB", UTF-8, parsed) cached copy not yet stale; using cached.
DEBUG pool-6-thread-2 freemarker.cache - "freemarker/libraries/font-awesome.ftl"("en_GB", UTF-8, parsed) cached copy not yet stale; using cached.
DEBUG pool-6-thread-2 freemarker.cache - "freemarker/libraries/jquery.ftl"("en_GB", UTF-8, parsed) cached copy not yet stale; using cached.
DEBUG pool-6-thread-2 freemarker.cache - "freemarker/libraries/bootstrap.ftl"("en_GB", UTF-8, parsed) cached copy not yet stale; using cached.
DEBUG pool-6-thread-2 freemarker.cache - "freemarker/libraries/css.ftl"("en_GB", UTF-8, parsed) cached copy not yet stale; using cached.
DEBUG pool-6-thread-2 freemarker.cache - "freemarker/libraries/jquery-ui.ftl"("en_GB", UTF-8, parsed) cached copy not yet stale; using cached.
DEBUG pool-6-thread-2 freemarker.cache - "freemarker/libraries/datatables.ftl"("en_GB", UTF-8, parsed) cached copy not yet stale; using cached.
DEBUG pool-6-thread-2 freemarker.cache - "freemarker/libraries/imgpreview.ftl"("en_GB", UTF-8, parsed) cached copy not yet stale; using cached.
DEBUG pool-6-thread-2 freemarker.cache - "freemarker/components/stacktrace.ftl"("en_GB", UTF-8, parsed) cached copy not yet stale; using cached.
DEBUG pool-6-thread-1 freemarker.cache - "freemarker/menu.ftl"("en_GB", UTF-8, parsed) cached copy not yet stale; using cached.
DEBUG pool-6-thread-2 freemarker.cache - "freemarker/menu.ftl"("en_GB", UTF-8, parsed) cached copy not yet stale; using cached.
DEBUG pool-2-thread-1 freemarker.cache - Couldn't find template in cache for "freemarker/screenshots.ftl"("en_GB", windows-1252, parsed); will try to load it.
DEBUG pool-2-thread-1 freemarker.cache - TemplateLoader.findTemplateSource("freemarker/screenshots_en_GB.ftl"): Not found
DEBUG pool-2-thread-1 freemarker.cache - TemplateLoader.findTemplateSource("freemarker/screenshots_en.ftl"): Not found
DEBUG pool-2-thread-1 freemarker.cache - TemplateLoader.findTemplateSource("freemarker/screenshots.ftl"): Found
DEBUG pool-2-thread-1 freemarker.cache - Loading template for "freemarker/screenshots.ftl"("en_GB", windows-1252, parsed) from "jar:file:/C:/Users/jorma/.gradle/caches/modules-2/files-2.1/net.serenity-bdd/serenity-report-resources/1.9.20/55fda2f402e79fcebc34ac6e1f68d8c4b4cb92f0/serenity-report-resources-1.9.20.jar!/freemarker/screenshots.ftl"
DEBUG pool-2-thread-1 freemarker.cache - Couldn't find template in cache for "freemarker/libraries/favicon.ftl"("en_GB", windows-1252, parsed); will try to load it.
DEBUG pool-2-thread-1 freemarker.cache - TemplateLoader.findTemplateSource("freemarker/libraries/favicon_en_GB.ftl"): Not found
DEBUG pool-2-thread-1 freemarker.cache - TemplateLoader.findTemplateSource("freemarker/libraries/favicon_en.ftl"): Not found
DEBUG pool-2-thread-1 freemarker.cache - TemplateLoader.findTemplateSource("freemarker/libraries/favicon.ftl"): Found
DEBUG pool-2-thread-1 freemarker.cache - Loading template for "freemarker/libraries/favicon.ftl"("en_GB", windows-1252, parsed) from "jar:file:/C:/Users/jorma/.gradle/caches/modules-2/files-2.1/net.serenity-bdd/serenity-report-resources/1.9.20/55fda2f402e79fcebc34ac6e1f68d8c4b4cb92f0/serenity-report-resources-1.9.20.jar!/freemarker/libraries/favicon.ftl"
DEBUG pool-2-thread-1 freemarker.cache - Couldn't find template in cache for "freemarker/libraries/common.ftl"("en_GB", windows-1252, parsed); will try to load it.
DEBUG pool-2-thread-1 freemarker.cache - TemplateLoader.findTemplateSource("freemarker/libraries/common_en_GB.ftl"): Not found
DEBUG pool-2-thread-1 freemarker.cache - TemplateLoader.findTemplateSource("freemarker/libraries/common_en.ftl"): Not found
DEBUG pool-2-thread-1 freemarker.cache - TemplateLoader.findTemplateSource("freemarker/libraries/common.ftl"): Found
DEBUG pool-2-thread-1 freemarker.cache - Loading template for "freemarker/libraries/common.ftl"("en_GB", windows-1252, parsed) from "jar:file:/C:/Users/jorma/.gradle/caches/modules-2/files-2.1/net.serenity-bdd/serenity-report-resources/1.9.20/55fda2f402e79fcebc34ac6e1f68d8c4b4cb92f0/serenity-report-resources-1.9.20.jar!/freemarker/libraries/common.ftl"
DEBUG pool-2-thread-1 freemarker.cache - Couldn't find template in cache for "freemarker/libraries/font-awesome.ftl"("en_GB", windows-1252, parsed); will try to load it.
DEBUG pool-2-thread-1 freemarker.cache - TemplateLoader.findTemplateSource("freemarker/libraries/font-awesome_en_GB.ftl"): Not found
DEBUG pool-2-thread-1 freemarker.cache - TemplateLoader.findTemplateSource("freemarker/libraries/font-awesome_en.ftl"): Not found
DEBUG pool-2-thread-1 freemarker.cache - TemplateLoader.findTemplateSource("freemarker/libraries/font-awesome.ftl"): Found
DEBUG pool-2-thread-1 freemarker.cache - Loading template for "freemarker/libraries/font-awesome.ftl"("en_GB", windows-1252, parsed) from "jar:file:/C:/Users/jorma/.gradle/caches/modules-2/files-2.1/net.serenity-bdd/serenity-report-resources/1.9.20/55fda2f402e79fcebc34ac6e1f68d8c4b4cb92f0/serenity-report-resources-1.9.20.jar!/freemarker/libraries/font-awesome.ftl"
DEBUG pool-2-thread-1 freemarker.cache - Couldn't find template in cache for "freemarker/libraries/jquery.ftl"("en_GB", windows-1252, parsed); will try to load it.
DEBUG pool-2-thread-1 freemarker.cache - TemplateLoader.findTemplateSource("freemarker/libraries/jquery_en_GB.ftl"): Not found
DEBUG pool-2-thread-1 freemarker.cache - TemplateLoader.findTemplateSource("freemarker/libraries/jquery_en.ftl"): Not found
DEBUG pool-2-thread-1 freemarker.cache - TemplateLoader.findTemplateSource("freemarker/libraries/jquery.ftl"): Found
DEBUG pool-2-thread-1 freemarker.cache - Loading template for "freemarker/libraries/jquery.ftl"("en_GB", windows-1252, parsed) from "jar:file:/C:/Users/jorma/.gradle/caches/modules-2/files-2.1/net.serenity-bdd/serenity-report-resources/1.9.20/55fda2f402e79fcebc34ac6e1f68d8c4b4cb92f0/serenity-report-resources-1.9.20.jar!/freemarker/libraries/jquery.ftl"
DEBUG pool-2-thread-1 freemarker.cache - Couldn't find template in cache for "freemarker/libraries/bootstrap.ftl"("en_GB", windows-1252, parsed); will try to load it.
DEBUG pool-2-thread-1 freemarker.cache - TemplateLoader.findTemplateSource("freemarker/libraries/bootstrap_en_GB.ftl"): Not found
DEBUG pool-2-thread-1 freemarker.cache - TemplateLoader.findTemplateSource("freemarker/libraries/bootstrap_en.ftl"): Not found
DEBUG pool-2-thread-1 freemarker.cache - TemplateLoader.findTemplateSource("freemarker/libraries/bootstrap.ftl"): Found
DEBUG pool-2-thread-1 freemarker.cache - Loading template for "freemarker/libraries/bootstrap.ftl"("en_GB", windows-1252, parsed) from "jar:file:/C:/Users/jorma/.gradle/caches/modules-2/files-2.1/net.serenity-bdd/serenity-report-resources/1.9.20/55fda2f402e79fcebc34ac6e1f68d8c4b4cb92f0/serenity-report-resources-1.9.20.jar!/freemarker/libraries/bootstrap.ftl"
DEBUG pool-2-thread-1 freemarker.cache - Couldn't find template in cache for "freemarker/libraries/css.ftl"("en_GB", windows-1252, parsed); will try to load it.
DEBUG pool-2-thread-1 freemarker.cache - TemplateLoader.findTemplateSource("freemarker/libraries/css_en_GB.ftl"): Not found
DEBUG pool-2-thread-1 freemarker.cache - TemplateLoader.findTemplateSource("freemarker/libraries/css_en.ftl"): Not found
DEBUG pool-2-thread-1 freemarker.cache - TemplateLoader.findTemplateSource("freemarker/libraries/css.ftl"): Found
DEBUG pool-2-thread-1 freemarker.cache - Loading template for "freemarker/libraries/css.ftl"("en_GB", windows-1252, parsed) from "jar:file:/C:/Users/jorma/.gradle/caches/modules-2/files-2.1/net.serenity-bdd/serenity-report-resources/1.9.20/55fda2f402e79fcebc34ac6e1f68d8c4b4cb92f0/serenity-report-resources-1.9.20.jar!/freemarker/libraries/css.ftl"
DEBUG pool-2-thread-1 freemarker.cache - Couldn't find template in cache for "freemarker/libraries/nivo-slider.ftl"("en_GB", windows-1252, parsed); will try to load it.
DEBUG pool-2-thread-1 freemarker.cache - TemplateLoader.findTemplateSource("freemarker/libraries/nivo-slider_en_GB.ftl"): Not found
DEBUG pool-2-thread-1 freemarker.cache - TemplateLoader.findTemplateSource("freemarker/libraries/nivo-slider_en.ftl"): Not found
DEBUG pool-2-thread-1 freemarker.cache - TemplateLoader.findTemplateSource("freemarker/libraries/nivo-slider.ftl"): Found
DEBUG pool-2-thread-1 freemarker.cache - Loading template for "freemarker/libraries/nivo-slider.ftl"("en_GB", windows-1252, parsed) from "jar:file:/C:/Users/jorma/.gradle/caches/modules-2/files-2.1/net.serenity-bdd/serenity-report-resources/1.9.20/55fda2f402e79fcebc34ac6e1f68d8c4b4cb92f0/serenity-report-resources-1.9.20.jar!/freemarker/libraries/nivo-slider.ftl"
DEBUG pool-2-thread-1 freemarker.cache - Couldn't find template in cache for "freemarker/components/stacktrace.ftl"("en_GB", windows-1252, parsed); will try to load it.
DEBUG pool-2-thread-1 freemarker.cache - TemplateLoader.findTemplateSource("freemarker/components/stacktrace_en_GB.ftl"): Not found
DEBUG pool-2-thread-1 freemarker.cache - TemplateLoader.findTemplateSource("freemarker/components/stacktrace_en.ftl"): Not found
DEBUG pool-2-thread-1 freemarker.cache - TemplateLoader.findTemplateSource("freemarker/components/stacktrace.ftl"): Found
DEBUG pool-2-thread-1 freemarker.cache - Loading template for "freemarker/components/stacktrace.ftl"("en_GB", windows-1252, parsed) from "jar:file:/C:/Users/jorma/.gradle/caches/modules-2/files-2.1/net.serenity-bdd/serenity-report-resources/1.9.20/55fda2f402e79fcebc34ac6e1f68d8c4b4cb92f0/serenity-report-resources-1.9.20.jar!/freemarker/components/stacktrace.ftl"
DEBUG pool-2-thread-1 freemarker.cache - Couldn't find template in cache for "freemarker/menu.ftl"("en_GB", windows-1252, parsed); will try to load it.
DEBUG pool-2-thread-1 freemarker.cache - TemplateLoader.findTemplateSource("freemarker/menu_en_GB.ftl"): Not found
DEBUG pool-2-thread-1 freemarker.cache - TemplateLoader.findTemplateSource("freemarker/menu_en.ftl"): Not found
DEBUG pool-2-thread-1 freemarker.cache - TemplateLoader.findTemplateSource("freemarker/menu.ftl"): Found
DEBUG pool-2-thread-1 freemarker.cache - Loading template for "freemarker/menu.ftl"("en_GB", windows-1252, parsed) from "jar:file:/C:/Users/jorma/.gradle/caches/modules-2/files-2.1/net.serenity-bdd/serenity-report-resources/1.9.20/55fda2f402e79fcebc34ac6e1f68d8c4b4cb92f0/serenity-report-resources-1.9.20.jar!/freemarker/menu.ftl"
DEBUG pool-2-thread-1 freemarker.cache - Couldn't find template in cache for "freemarker/default.ftl"("en_GB", windows-1252, parsed); will try to load it.
DEBUG pool-2-thread-1 freemarker.cache - TemplateLoader.findTemplateSource("freemarker/default_en_GB.ftl"): Not found
DEBUG pool-2-thread-1 freemarker.cache - TemplateLoader.findTemplateSource("freemarker/default_en.ftl"): Not found
DEBUG pool-2-thread-1 freemarker.cache - TemplateLoader.findTemplateSource("freemarker/default.ftl"): Found
DEBUG pool-2-thread-1 freemarker.cache - Loading template for "freemarker/default.ftl"("en_GB", windows-1252, parsed) from "jar:file:/C:/Users/jorma/.gradle/caches/modules-2/files-2.1/net.serenity-bdd/serenity-report-resources/1.9.20/55fda2f402e79fcebc34ac6e1f68d8c4b4cb92f0/serenity-report-resources-1.9.20.jar!/freemarker/default.ftl"
DEBUG pool-2-thread-1 freemarker.cache - "freemarker/libraries/favicon.ftl"("en_GB", windows-1252, parsed) cached copy not yet stale; using cached.
DEBUG pool-2-thread-1 freemarker.cache - "freemarker/libraries/common.ftl"("en_GB", windows-1252, parsed) cached copy not yet stale; using cached.
DEBUG pool-2-thread-1 freemarker.cache - "freemarker/libraries/font-awesome.ftl"("en_GB", windows-1252, parsed) cached copy not yet stale; using cached.
DEBUG pool-2-thread-1 freemarker.cache - "freemarker/libraries/jquery.ftl"("en_GB", windows-1252, parsed) cached copy not yet stale; using cached.
DEBUG pool-2-thread-1 freemarker.cache - "freemarker/libraries/bootstrap.ftl"("en_GB", windows-1252, parsed) cached copy not yet stale; using cached.
DEBUG pool-2-thread-1 freemarker.cache - "freemarker/libraries/css.ftl"("en_GB", windows-1252, parsed) cached copy not yet stale; using cached.
DEBUG pool-2-thread-1 freemarker.cache - Couldn't find template in cache for "freemarker/libraries/jquery-ui.ftl"("en_GB", windows-1252, parsed); will try to load it.
DEBUG pool-2-thread-1 freemarker.cache - TemplateLoader.findTemplateSource("freemarker/libraries/jquery-ui_en_GB.ftl"): Not found
DEBUG pool-2-thread-1 freemarker.cache - TemplateLoader.findTemplateSource("freemarker/libraries/jquery-ui_en.ftl"): Not found
DEBUG pool-2-thread-1 freemarker.cache - TemplateLoader.findTemplateSource("freemarker/libraries/jquery-ui.ftl"): Found
DEBUG pool-2-thread-1 freemarker.cache - Loading template for "freemarker/libraries/jquery-ui.ftl"("en_GB", windows-1252, parsed) from "jar:file:/C:/Users/jorma/.gradle/caches/modules-2/files-2.1/net.serenity-bdd/serenity-report-resources/1.9.20/55fda2f402e79fcebc34ac6e1f68d8c4b4cb92f0/serenity-report-resources-1.9.20.jar!/freemarker/libraries/jquery-ui.ftl"
DEBUG pool-2-thread-1 freemarker.cache - Couldn't find template in cache for "freemarker/libraries/datatables.ftl"("en_GB", windows-1252, parsed); will try to load it.
DEBUG pool-2-thread-1 freemarker.cache - TemplateLoader.findTemplateSource("freemarker/libraries/datatables_en_GB.ftl"): Not found
DEBUG pool-2-thread-1 freemarker.cache - TemplateLoader.findTemplateSource("freemarker/libraries/datatables_en.ftl"): Not found
DEBUG pool-2-thread-1 freemarker.cache - TemplateLoader.findTemplateSource("freemarker/libraries/datatables.ftl"): Found
DEBUG pool-2-thread-1 freemarker.cache - Loading template for "freemarker/libraries/datatables.ftl"("en_GB", windows-1252, parsed) from "jar:file:/C:/Users/jorma/.gradle/caches/modules-2/files-2.1/net.serenity-bdd/serenity-report-resources/1.9.20/55fda2f402e79fcebc34ac6e1f68d8c4b4cb92f0/serenity-report-resources-1.9.20.jar!/freemarker/libraries/datatables.ftl"
DEBUG pool-2-thread-1 freemarker.cache - Couldn't find template in cache for "freemarker/libraries/imgpreview.ftl"("en_GB", windows-1252, parsed); will try to load it.
DEBUG pool-2-thread-1 freemarker.cache - TemplateLoader.findTemplateSource("freemarker/libraries/imgpreview_en_GB.ftl"): Not found
DEBUG pool-2-thread-1 freemarker.cache - TemplateLoader.findTemplateSource("freemarker/libraries/imgpreview_en.ftl"): Not found
DEBUG pool-2-thread-1 freemarker.cache - TemplateLoader.findTemplateSource("freemarker/libraries/imgpreview.ftl"): Found
DEBUG pool-2-thread-1 freemarker.cache - Loading template for "freemarker/libraries/imgpreview.ftl"("en_GB", windows-1252, parsed) from "jar:file:/C:/Users/jorma/.gradle/caches/modules-2/files-2.1/net.serenity-bdd/serenity-report-resources/1.9.20/55fda2f402e79fcebc34ac6e1f68d8c4b4cb92f0/serenity-report-resources-1.9.20.jar!/freemarker/libraries/imgpreview.ftl"
DEBUG pool-2-thread-1 freemarker.cache - "freemarker/components/stacktrace.ftl"("en_GB", windows-1252, parsed) cached copy not yet stale; using cached.
DEBUG pool-2-thread-1 freemarker.cache - "freemarker/menu.ftl"("en_GB", windows-1252, parsed) cached copy not yet stale; using cached.
DEBUG pool-4-thread-1 freemarker.cache - TemplateLoader.findTemplateSource("freemarker/libraries/favicon_en_GB.ftl"): Not found
DEBUG pool-4-thread-1 freemarker.cache - TemplateLoader.findTemplateSource("freemarker/libraries/favicon_en.ftl"): Not found
DEBUG pool-4-thread-1 freemarker.cache - TemplateLoader.findTemplateSource("freemarker/libraries/favicon.ftl"): Found
DEBUG pool-4-thread-1 freemarker.cache - "freemarker/libraries/favicon.ftl"("en_GB", windows-1252, parsed): using cached since jar:file:/C:/Users/jorma/.gradle/caches/modules-2/files-2.1/net.serenity-bdd/serenity-report-resources/1.9.20/55fda2f402e79fcebc34ac6e1f68d8c4b4cb92f0/serenity-report-resources-1.9.20.jar!/freemarker/libraries/favicon.ftl hasn't changed.
DEBUG pool-4-thread-2 freemarker.cache - TemplateLoader.findTemplateSource("freemarker/libraries/favicon_en_GB.ftl"): Not found
DEBUG pool-4-thread-2 freemarker.cache - TemplateLoader.findTemplateSource("freemarker/libraries/favicon_en.ftl"): Not found
DEBUG pool-4-thread-1 freemarker.cache - TemplateLoader.findTemplateSource("freemarker/libraries/common_en_GB.ftl"): Not found
DEBUG pool-4-thread-2 freemarker.cache - TemplateLoader.findTemplateSource("freemarker/libraries/favicon.ftl"): Found
DEBUG pool-4-thread-2 freemarker.cache - "freemarker/libraries/favicon.ftl"("en_GB", windows-1252, parsed): using cached since jar:file:/C:/Users/jorma/.gradle/caches/modules-2/files-2.1/net.serenity-bdd/serenity-report-resources/1.9.20/55fda2f402e79fcebc34ac6e1f68d8c4b4cb92f0/serenity-report-resources-1.9.20.jar!/freemarker/libraries/favicon.ftl hasn't changed.
DEBUG pool-4-thread-1 freemarker.cache - TemplateLoader.findTemplateSource("freemarker/libraries/common_en.ftl"): Not found
DEBUG pool-4-thread-1 freemarker.cache - TemplateLoader.findTemplateSource("freemarker/libraries/common.ftl"): Found
DEBUG pool-4-thread-2 freemarker.cache - TemplateLoader.findTemplateSource("freemarker/libraries/common_en_GB.ftl"): Not found
DEBUG pool-4-thread-1 freemarker.cache - "freemarker/libraries/common.ftl"("en_GB", windows-1252, parsed): using cached since jar:file:/C:/Users/jorma/.gradle/caches/modules-2/files-2.1/net.serenity-bdd/serenity-report-resources/1.9.20/55fda2f402e79fcebc34ac6e1f68d8c4b4cb92f0/serenity-report-resources-1.9.20.jar!/freemarker/libraries/common.ftl hasn't changed.
DEBUG pool-4-thread-2 freemarker.cache - TemplateLoader.findTemplateSource("freemarker/libraries/common_en.ftl"): Not found
DEBUG pool-4-thread-2 freemarker.cache - TemplateLoader.findTemplateSource("freemarker/libraries/common.ftl"): Found
DEBUG pool-4-thread-1 freemarker.cache - TemplateLoader.findTemplateSource("freemarker/libraries/font-awesome_en_GB.ftl"): Not found
DEBUG pool-4-thread-2 freemarker.cache - "freemarker/libraries/common.ftl"("en_GB", windows-1252, parsed): using cached since jar:file:/C:/Users/jorma/.gradle/caches/modules-2/files-2.1/net.serenity-bdd/serenity-report-resources/1.9.20/55fda2f402e79fcebc34ac6e1f68d8c4b4cb92f0/serenity-report-resources-1.9.20.jar!/freemarker/libraries/common.ftl hasn't changed.
DEBUG pool-4-thread-1 freemarker.cache - TemplateLoader.findTemplateSource("freemarker/libraries/font-awesome_en.ftl"): Not found
DEBUG pool-4-thread-2 freemarker.cache - TemplateLoader.findTemplateSource("freemarker/libraries/font-awesome_en_GB.ftl"): Not found
DEBUG pool-4-thread-2 freemarker.cache - TemplateLoader.findTemplateSource("freemarker/libraries/font-awesome_en.ftl"): Not found
DEBUG pool-4-thread-2 freemarker.cache - TemplateLoader.findTemplateSource("freemarker/libraries/font-awesome.ftl"): Found
DEBUG pool-4-thread-2 freemarker.cache - "freemarker/libraries/font-awesome.ftl"("en_GB", windows-1252, parsed): using cached since jar:file:/C:/Users/jorma/.gradle/caches/modules-2/files-2.1/net.serenity-bdd/serenity-report-resources/1.9.20/55fda2f402e79fcebc34ac6e1f68d8c4b4cb92f0/serenity-report-resources-1.9.20.jar!/freemarker/libraries/font-awesome.ftl hasn't changed.
DEBUG pool-4-thread-1 freemarker.cache - TemplateLoader.findTemplateSource("freemarker/libraries/font-awesome.ftl"): Found
DEBUG pool-4-thread-1 freemarker.cache - "freemarker/libraries/font-awesome.ftl"("en_GB", windows-1252, parsed): using cached since jar:file:/C:/Users/jorma/.gradle/caches/modules-2/files-2.1/net.serenity-bdd/serenity-report-resources/1.9.20/55fda2f402e79fcebc34ac6e1f68d8c4b4cb92f0/serenity-report-resources-1.9.20.jar!/freemarker/libraries/font-awesome.ftl hasn't changed.
DEBUG pool-4-thread-2 freemarker.cache - TemplateLoader.findTemplateSource("freemarker/libraries/jquery_en_GB.ftl"): Not found
DEBUG pool-4-thread-2 freemarker.cache - TemplateLoader.findTemplateSource("freemarker/libraries/jquery_en.ftl"): Not found
DEBUG pool-4-thread-1 freemarker.cache - TemplateLoader.findTemplateSource("freemarker/libraries/jquery_en_GB.ftl"): Not found
DEBUG pool-4-thread-2 freemarker.cache - TemplateLoader.findTemplateSource("freemarker/libraries/jquery.ftl"): Found
DEBUG pool-4-thread-2 freemarker.cache - "freemarker/libraries/jquery.ftl"("en_GB", windows-1252, parsed): using cached since jar:file:/C:/Users/jorma/.gradle/caches/modules-2/files-2.1/net.serenity-bdd/serenity-report-resources/1.9.20/55fda2f402e79fcebc34ac6e1f68d8c4b4cb92f0/serenity-report-resources-1.9.20.jar!/freemarker/libraries/jquery.ftl hasn't changed.
DEBUG pool-4-thread-2 freemarker.cache - TemplateLoader.findTemplateSource("freemarker/libraries/bootstrap_en_GB.ftl"): Not found
DEBUG pool-4-thread-2 freemarker.cache - TemplateLoader.findTemplateSource("freemarker/libraries/bootstrap_en.ftl"): Not found
DEBUG pool-4-thread-2 freemarker.cache - TemplateLoader.findTemplateSource("freemarker/libraries/bootstrap.ftl"): Found
DEBUG pool-4-thread-1 freemarker.cache - TemplateLoader.findTemplateSource("freemarker/libraries/jquery_en.ftl"): Not found
DEBUG pool-4-thread-1 freemarker.cache - TemplateLoader.findTemplateSource("freemarker/libraries/jquery.ftl"): Found
DEBUG pool-4-thread-2 freemarker.cache - "freemarker/libraries/bootstrap.ftl"("en_GB", windows-1252, parsed): using cached since jar:file:/C:/Users/jorma/.gradle/caches/modules-2/files-2.1/net.serenity-bdd/serenity-report-resources/1.9.20/55fda2f402e79fcebc34ac6e1f68d8c4b4cb92f0/serenity-report-resources-1.9.20.jar!/freemarker/libraries/bootstrap.ftl hasn't changed.
DEBUG pool-4-thread-1 freemarker.cache - "freemarker/libraries/jquery.ftl"("en_GB", windows-1252, parsed): using cached since jar:file:/C:/Users/jorma/.gradle/caches/modules-2/files-2.1/net.serenity-bdd/serenity-report-resources/1.9.20/55fda2f402e79fcebc34ac6e1f68d8c4b4cb92f0/serenity-report-resources-1.9.20.jar!/freemarker/libraries/jquery.ftl hasn't changed.
DEBUG pool-4-thread-1 freemarker.cache - "freemarker/libraries/bootstrap.ftl"("en_GB", windows-1252, parsed) cached copy not yet stale; using cached.
DEBUG pool-4-thread-2 freemarker.cache - TemplateLoader.findTemplateSource("freemarker/libraries/css_en_GB.ftl"): Not found
DEBUG pool-4-thread-1 freemarker.cache - TemplateLoader.findTemplateSource("freemarker/libraries/css_en_GB.ftl"): Not found
DEBUG pool-4-thread-2 freemarker.cache - TemplateLoader.findTemplateSource("freemarker/libraries/css_en.ftl"): Not found
DEBUG pool-4-thread-1 freemarker.cache - TemplateLoader.findTemplateSource("freemarker/libraries/css_en.ftl"): Not found
DEBUG pool-4-thread-2 freemarker.cache - TemplateLoader.findTemplateSource("freemarker/libraries/css.ftl"): Found
DEBUG pool-4-thread-1 freemarker.cache - TemplateLoader.findTemplateSource("freemarker/libraries/css.ftl"): Found
DEBUG pool-4-thread-2 freemarker.cache - "freemarker/libraries/css.ftl"("en_GB", windows-1252, parsed): using cached since jar:file:/C:/Users/jorma/.gradle/caches/modules-2/files-2.1/net.serenity-bdd/serenity-report-resources/1.9.20/55fda2f402e79fcebc34ac6e1f68d8c4b4cb92f0/serenity-report-resources-1.9.20.jar!/freemarker/libraries/css.ftl hasn't changed.
DEBUG pool-4-thread-1 freemarker.cache - "freemarker/libraries/css.ftl"("en_GB", windows-1252, parsed): using cached since jar:file:/C:/Users/jorma/.gradle/caches/modules-2/files-2.1/net.serenity-bdd/serenity-report-resources/1.9.20/55fda2f402e79fcebc34ac6e1f68d8c4b4cb92f0/serenity-report-resources-1.9.20.jar!/freemarker/libraries/css.ftl hasn't changed.
DEBUG pool-4-thread-2 freemarker.cache - TemplateLoader.findTemplateSource("freemarker/libraries/nivo-slider_en_GB.ftl"): Not found
DEBUG pool-4-thread-1 freemarker.cache - TemplateLoader.findTemplateSource("freemarker/libraries/nivo-slider_en_GB.ftl"): Not found
DEBUG pool-4-thread-2 freemarker.cache - TemplateLoader.findTemplateSource("freemarker/libraries/nivo-slider_en.ftl"): Not found
DEBUG pool-4-thread-1 freemarker.cache - TemplateLoader.findTemplateSource("freemarker/libraries/nivo-slider_en.ftl"): Not found
DEBUG pool-4-thread-2 freemarker.cache - TemplateLoader.findTemplateSource("freemarker/libraries/nivo-slider.ftl"): Found
DEBUG pool-4-thread-1 freemarker.cache - TemplateLoader.findTemplateSource("freemarker/libraries/nivo-slider.ftl"): Found
DEBUG pool-4-thread-1 freemarker.cache - "freemarker/libraries/nivo-slider.ftl"("en_GB", windows-1252, parsed): using cached since jar:file:/C:/Users/jorma/.gradle/caches/modules-2/files-2.1/net.serenity-bdd/serenity-report-resources/1.9.20/55fda2f402e79fcebc34ac6e1f68d8c4b4cb92f0/serenity-report-resources-1.9.20.jar!/freemarker/libraries/nivo-slider.ftl hasn't changed.
DEBUG pool-4-thread-2 freemarker.cache - "freemarker/libraries/nivo-slider.ftl"("en_GB", windows-1252, parsed): using cached since jar:file:/C:/Users/jorma/.gradle/caches/modules-2/files-2.1/net.serenity-bdd/serenity-report-resources/1.9.20/55fda2f402e79fcebc34ac6e1f68d8c4b4cb92f0/serenity-report-resources-1.9.20.jar!/freemarker/libraries/nivo-slider.ftl hasn't changed.
DEBUG pool-4-thread-1 freemarker.cache - TemplateLoader.findTemplateSource("freemarker/components/stacktrace_en_GB.ftl"): Not found
DEBUG pool-4-thread-1 freemarker.cache - TemplateLoader.findTemplateSource("freemarker/components/stacktrace_en.ftl"): Not found
DEBUG pool-4-thread-2 freemarker.cache - TemplateLoader.findTemplateSource("freemarker/components/stacktrace_en_GB.ftl"): Not found
DEBUG pool-4-thread-1 freemarker.cache - TemplateLoader.findTemplateSource("freemarker/components/stacktrace.ftl"): Found
DEBUG pool-4-thread-1 freemarker.cache - "freemarker/components/stacktrace.ftl"("en_GB", windows-1252, parsed): using cached since jar:file:/C:/Users/jorma/.gradle/caches/modules-2/files-2.1/net.serenity-bdd/serenity-report-resources/1.9.20/55fda2f402e79fcebc34ac6e1f68d8c4b4cb92f0/serenity-report-resources-1.9.20.jar!/freemarker/components/stacktrace.ftl hasn't changed.
DEBUG pool-4-thread-2 freemarker.cache - TemplateLoader.findTemplateSource("freemarker/components/stacktrace_en.ftl"): Not found
DEBUG pool-4-thread-2 freemarker.cache - TemplateLoader.findTemplateSource("freemarker/components/stacktrace.ftl"): Found
DEBUG pool-4-thread-2 freemarker.cache - "freemarker/components/stacktrace.ftl"("en_GB", windows-1252, parsed): using cached since jar:file:/C:/Users/jorma/.gradle/caches/modules-2/files-2.1/net.serenity-bdd/serenity-report-resources/1.9.20/55fda2f402e79fcebc34ac6e1f68d8c4b4cb92f0/serenity-report-resources-1.9.20.jar!/freemarker/components/stacktrace.ftl hasn't changed.
DEBUG pool-4-thread-1 freemarker.cache - TemplateLoader.findTemplateSource("freemarker/menu_en_GB.ftl"): Not found
DEBUG pool-4-thread-1 freemarker.cache - TemplateLoader.findTemplateSource("freemarker/menu_en.ftl"): Not found
DEBUG pool-4-thread-2 freemarker.cache - TemplateLoader.findTemplateSource("freemarker/menu_en_GB.ftl"): Not found
DEBUG pool-4-thread-1 freemarker.cache - TemplateLoader.findTemplateSource("freemarker/menu.ftl"): Found
DEBUG pool-4-thread-1 freemarker.cache - "freemarker/menu.ftl"("en_GB", windows-1252, parsed): using cached since jar:file:/C:/Users/jorma/.gradle/caches/modules-2/files-2.1/net.serenity-bdd/serenity-report-resources/1.9.20/55fda2f402e79fcebc34ac6e1f68d8c4b4cb92f0/serenity-report-resources-1.9.20.jar!/freemarker/menu.ftl hasn't changed.
DEBUG pool-4-thread-2 freemarker.cache - TemplateLoader.findTemplateSource("freemarker/menu_en.ftl"): Not found
DEBUG pool-4-thread-2 freemarker.cache - TemplateLoader.findTemplateSource("freemarker/menu.ftl"): Found
DEBUG pool-4-thread-2 freemarker.cache - "freemarker/menu.ftl"("en_GB", windows-1252, parsed): using cached since jar:file:/C:/Users/jorma/.gradle/caches/modules-2/files-2.1/net.serenity-bdd/serenity-report-resources/1.9.20/55fda2f402e79fcebc34ac6e1f68d8c4b4cb92f0/serenity-report-resources-1.9.20.jar!/freemarker/menu.ftl hasn't changed.
DEBUG pool-4-thread-1 freemarker.cache - "freemarker/libraries/favicon.ftl"("en_GB", windows-1252, parsed) cached copy not yet stale; using cached.
DEBUG pool-4-thread-1 freemarker.cache - "freemarker/libraries/common.ftl"("en_GB", windows-1252, parsed) cached copy not yet stale; using cached.
DEBUG pool-4-thread-1 freemarker.cache - "freemarker/libraries/font-awesome.ftl"("en_GB", windows-1252, parsed) cached copy not yet stale; using cached.
DEBUG pool-4-thread-1 freemarker.cache - "freemarker/libraries/jquery.ftl"("en_GB", windows-1252, parsed) cached copy not yet stale; using cached.
DEBUG pool-4-thread-1 freemarker.cache - "freemarker/libraries/bootstrap.ftl"("en_GB", windows-1252, parsed) cached copy not yet stale; using cached.
DEBUG pool-4-thread-1 freemarker.cache - "freemarker/libraries/css.ftl"("en_GB", windows-1252, parsed) cached copy not yet stale; using cached.
DEBUG pool-4-thread-1 freemarker.cache - TemplateLoader.findTemplateSource("freemarker/libraries/jquery-ui_en_GB.ftl"): Not found
DEBUG pool-4-thread-1 freemarker.cache - TemplateLoader.findTemplateSource("freemarker/libraries/jquery-ui_en.ftl"): Not found
DEBUG pool-4-thread-1 freemarker.cache - TemplateLoader.findTemplateSource("freemarker/libraries/jquery-ui.ftl"): Found
DEBUG pool-4-thread-1 freemarker.cache - "freemarker/libraries/jquery-ui.ftl"("en_GB", windows-1252, parsed): using cached since jar:file:/C:/Users/jorma/.gradle/caches/modules-2/files-2.1/net.serenity-bdd/serenity-report-resources/1.9.20/55fda2f402e79fcebc34ac6e1f68d8c4b4cb92f0/serenity-report-resources-1.9.20.jar!/freemarker/libraries/jquery-ui.ftl hasn't changed.
DEBUG pool-4-thread-1 freemarker.cache - TemplateLoader.findTemplateSource("freemarker/libraries/datatables_en_GB.ftl"): Not found
DEBUG pool-4-thread-1 freemarker.cache - TemplateLoader.findTemplateSource("freemarker/libraries/datatables_en.ftl"): Not found
DEBUG pool-4-thread-1 freemarker.cache - TemplateLoader.findTemplateSource("freemarker/libraries/datatables.ftl"): Found
DEBUG pool-4-thread-1 freemarker.cache - "freemarker/libraries/datatables.ftl"("en_GB", windows-1252, parsed): using cached since jar:file:/C:/Users/jorma/.gradle/caches/modules-2/files-2.1/net.serenity-bdd/serenity-report-resources/1.9.20/55fda2f402e79fcebc34ac6e1f68d8c4b4cb92f0/serenity-report-resources-1.9.20.jar!/freemarker/libraries/datatables.ftl hasn't changed.
DEBUG pool-4-thread-1 freemarker.cache - TemplateLoader.findTemplateSource("freemarker/libraries/imgpreview_en_GB.ftl"): Not found
DEBUG pool-4-thread-1 freemarker.cache - TemplateLoader.findTemplateSource("freemarker/libraries/imgpreview_en.ftl"): Not found
DEBUG pool-4-thread-1 freemarker.cache - TemplateLoader.findTemplateSource("freemarker/libraries/imgpreview.ftl"): Found
DEBUG pool-4-thread-1 freemarker.cache - "freemarker/libraries/imgpreview.ftl"("en_GB", windows-1252, parsed): using cached since jar:file:/C:/Users/jorma/.gradle/caches/modules-2/files-2.1/net.serenity-bdd/serenity-report-resources/1.9.20/55fda2f402e79fcebc34ac6e1f68d8c4b4cb92f0/serenity-report-resources-1.9.20.jar!/freemarker/libraries/imgpreview.ftl hasn't changed.
DEBUG pool-4-thread-1 freemarker.cache - "freemarker/components/stacktrace.ftl"("en_GB", windows-1252, parsed) cached copy not yet stale; using cached.
DEBUG pool-4-thread-2 freemarker.cache - "freemarker/libraries/favicon.ftl"("en_GB", windows-1252, parsed) cached copy not yet stale; using cached.
DEBUG pool-4-thread-2 freemarker.cache - "freemarker/libraries/common.ftl"("en_GB", windows-1252, parsed) cached copy not yet stale; using cached.
DEBUG pool-4-thread-2 freemarker.cache - "freemarker/libraries/font-awesome.ftl"("en_GB", windows-1252, parsed) cached copy not yet stale; using cached.
DEBUG pool-4-thread-2 freemarker.cache - "freemarker/libraries/jquery.ftl"("en_GB", windows-1252, parsed) cached copy not yet stale; using cached.
DEBUG pool-4-thread-2 freemarker.cache - "freemarker/libraries/bootstrap.ftl"("en_GB", windows-1252, parsed) cached copy not yet stale; using cached.
DEBUG pool-4-thread-2 freemarker.cache - "freemarker/libraries/css.ftl"("en_GB", windows-1252, parsed) cached copy not yet stale; using cached.
DEBUG pool-4-thread-2 freemarker.cache - "freemarker/libraries/jquery-ui.ftl"("en_GB", windows-1252, parsed) cached copy not yet stale; using cached.
DEBUG pool-4-thread-2 freemarker.cache - "freemarker/libraries/datatables.ftl"("en_GB", windows-1252, parsed) cached copy not yet stale; using cached.
DEBUG pool-4-thread-1 freemarker.cache - "freemarker/menu.ftl"("en_GB", windows-1252, parsed) cached copy not yet stale; using cached.
DEBUG pool-4-thread-2 freemarker.cache - "freemarker/libraries/imgpreview.ftl"("en_GB", windows-1252, parsed) cached copy not yet stale; using cached.
DEBUG pool-4-thread-2 freemarker.cache - "freemarker/components/stacktrace.ftl"("en_GB", windows-1252, parsed) cached copy not yet stale; using cached.
DEBUG pool-4-thread-2 freemarker.cache - "freemarker/menu.ftl"("en_GB", windows-1252, parsed) cached copy not yet stale; using cached.
DEBUG pool-6-thread-2 freemarker.cache - "freemarker/libraries/favicon.ftl"("en_GB", windows-1252, parsed) cached copy not yet stale; using cached.
DEBUG pool-6-thread-2 freemarker.cache - "freemarker/libraries/common.ftl"("en_GB", windows-1252, parsed) cached copy not yet stale; using cached.
DEBUG pool-6-thread-2 freemarker.cache - "freemarker/libraries/font-awesome.ftl"("en_GB", windows-1252, parsed) cached copy not yet stale; using cached.
DEBUG pool-6-thread-2 freemarker.cache - "freemarker/libraries/jquery.ftl"("en_GB", windows-1252, parsed) cached copy not yet stale; using cached.
DEBUG pool-6-thread-2 freemarker.cache - "freemarker/libraries/bootstrap.ftl"("en_GB", windows-1252, parsed) cached copy not yet stale; using cached.
DEBUG pool-6-thread-2 freemarker.cache - "freemarker/libraries/css.ftl"("en_GB", windows-1252, parsed) cached copy not yet stale; using cached.
DEBUG pool-6-thread-2 freemarker.cache - "freemarker/libraries/nivo-slider.ftl"("en_GB", windows-1252, parsed) cached copy not yet stale; using cached.
DEBUG pool-6-thread-2 freemarker.cache - "freemarker/components/stacktrace.ftl"("en_GB", windows-1252, parsed) cached copy not yet stale; using cached.
DEBUG pool-6-thread-2 freemarker.cache - "freemarker/menu.ftl"("en_GB", windows-1252, parsed) cached copy not yet stale; using cached.
DEBUG pool-6-thread-1 freemarker.cache - "freemarker/libraries/favicon.ftl"("en_GB", windows-1252, parsed) cached copy not yet stale; using cached.
DEBUG pool-6-thread-1 freemarker.cache - "freemarker/libraries/common.ftl"("en_GB", windows-1252, parsed) cached copy not yet stale; using cached.
DEBUG pool-6-thread-1 freemarker.cache - "freemarker/libraries/font-awesome.ftl"("en_GB", windows-1252, parsed) cached copy not yet stale; using cached.
DEBUG pool-6-thread-1 freemarker.cache - "freemarker/libraries/jquery.ftl"("en_GB", windows-1252, parsed) cached copy not yet stale; using cached.
DEBUG pool-6-thread-1 freemarker.cache - "freemarker/libraries/bootstrap.ftl"("en_GB", windows-1252, parsed) cached copy not yet stale; using cached.
DEBUG pool-6-thread-1 freemarker.cache - "freemarker/libraries/css.ftl"("en_GB", windows-1252, parsed) cached copy not yet stale; using cached.
DEBUG pool-6-thread-1 freemarker.cache - "freemarker/libraries/nivo-slider.ftl"("en_GB", windows-1252, parsed) cached copy not yet stale; using cached.
DEBUG pool-6-thread-1 freemarker.cache - "freemarker/components/stacktrace.ftl"("en_GB", windows-1252, parsed) cached copy not yet stale; using cached.
DEBUG pool-6-thread-1 freemarker.cache - "freemarker/menu.ftl"("en_GB", windows-1252, parsed) cached copy not yet stale; using cached.
DEBUG pool-6-thread-1 freemarker.cache - "freemarker/libraries/favicon.ftl"("en_GB", windows-1252, parsed) cached copy not yet stale; using cached.
DEBUG pool-6-thread-1 freemarker.cache - "freemarker/libraries/common.ftl"("en_GB", windows-1252, parsed) cached copy not yet stale; using cached.
DEBUG pool-6-thread-1 freemarker.cache - "freemarker/libraries/font-awesome.ftl"("en_GB", windows-1252, parsed) cached copy not yet stale; using cached.
DEBUG pool-6-thread-1 freemarker.cache - "freemarker/libraries/jquery.ftl"("en_GB", windows-1252, parsed) cached copy not yet stale; using cached.
DEBUG pool-6-thread-1 freemarker.cache - "freemarker/libraries/bootstrap.ftl"("en_GB", windows-1252, parsed) cached copy not yet stale; using cached.
DEBUG pool-6-thread-1 freemarker.cache - "freemarker/libraries/css.ftl"("en_GB", windows-1252, parsed) cached copy not yet stale; using cached.
DEBUG pool-6-thread-1 freemarker.cache - "freemarker/libraries/jquery-ui.ftl"("en_GB", windows-1252, parsed) cached copy not yet stale; using cached.
DEBUG pool-6-thread-1 freemarker.cache - "freemarker/libraries/datatables.ftl"("en_GB", windows-1252, parsed) cached copy not yet stale; using cached.
DEBUG pool-6-thread-1 freemarker.cache - "freemarker/libraries/imgpreview.ftl"("en_GB", windows-1252, parsed) cached copy not yet stale; using cached.
DEBUG pool-6-thread-1 freemarker.cache - "freemarker/components/stacktrace.ftl"("en_GB", windows-1252, parsed) cached copy not yet stale; using cached.
DEBUG pool-6-thread-2 freemarker.cache - "freemarker/libraries/favicon.ftl"("en_GB", windows-1252, parsed) cached copy not yet stale; using cached.
DEBUG pool-6-thread-2 freemarker.cache - "freemarker/libraries/common.ftl"("en_GB", windows-1252, parsed) cached copy not yet stale; using cached.
DEBUG pool-6-thread-2 freemarker.cache - "freemarker/libraries/font-awesome.ftl"("en_GB", windows-1252, parsed) cached copy not yet stale; using cached.
DEBUG pool-6-thread-2 freemarker.cache - "freemarker/libraries/jquery.ftl"("en_GB", windows-1252, parsed) cached copy not yet stale; using cached.
DEBUG pool-6-thread-2 freemarker.cache - "freemarker/libraries/bootstrap.ftl"("en_GB", windows-1252, parsed) cached copy not yet stale; using cached.
DEBUG pool-6-thread-2 freemarker.cache - "freemarker/libraries/css.ftl"("en_GB", windows-1252, parsed) cached copy not yet stale; using cached.
DEBUG pool-6-thread-2 freemarker.cache - "freemarker/libraries/jquery-ui.ftl"("en_GB", windows-1252, parsed) cached copy not yet stale; using cached.
DEBUG pool-6-thread-2 freemarker.cache - "freemarker/libraries/datatables.ftl"("en_GB", windows-1252, parsed) cached copy not yet stale; using cached.
DEBUG pool-6-thread-2 freemarker.cache - "freemarker/libraries/imgpreview.ftl"("en_GB", windows-1252, parsed) cached copy not yet stale; using cached.
DEBUG pool-6-thread-2 freemarker.cache - "freemarker/components/stacktrace.ftl"("en_GB", windows-1252, parsed) cached copy not yet stale; using cached.
DEBUG pool-6-thread-2 freemarker.cache - "freemarker/menu.ftl"("en_GB", windows-1252, parsed) cached copy not yet stale; using cached.
DEBUG pool-6-thread-1 freemarker.cache - "freemarker/menu.ftl"("en_GB", windows-1252, parsed) cached copy not yet stale; using cached.
DEBUG pool-2-thread-1 freemarker.cache - Couldn't find template in cache for "freemarker/screenshots.ftl"("en_GB", UTF-8, parsed); will try to load it.
DEBUG pool-2-thread-1 freemarker.cache - TemplateLoader.findTemplateSource("freemarker/screenshots_en_GB.ftl"): Not found
DEBUG pool-2-thread-1 freemarker.cache - TemplateLoader.findTemplateSource("freemarker/screenshots_en.ftl"): Not found
DEBUG pool-2-thread-1 freemarker.cache - TemplateLoader.findTemplateSource("freemarker/screenshots.ftl"): Found
DEBUG pool-2-thread-1 freemarker.cache - Loading template for "freemarker/screenshots.ftl"("en_GB", UTF-8, parsed) from "jar:file:/C:/Users/jorma/.gradle/caches/modules-2/files-2.1/net.serenity-bdd/serenity-report-resources/1.9.20/55fda2f402e79fcebc34ac6e1f68d8c4b4cb92f0/serenity-report-resources-1.9.20.jar!/freemarker/screenshots.ftl"
DEBUG pool-2-thread-1 freemarker.cache - Couldn't find template in cache for "freemarker/libraries/favicon.ftl"("en_GB", UTF-8, parsed); will try to load it.
DEBUG pool-2-thread-1 freemarker.cache - TemplateLoader.findTemplateSource("freemarker/libraries/favicon_en_GB.ftl"): Not found
DEBUG pool-2-thread-1 freemarker.cache - TemplateLoader.findTemplateSource("freemarker/libraries/favicon_en.ftl"): Not found
DEBUG pool-2-thread-1 freemarker.cache - TemplateLoader.findTemplateSource("freemarker/libraries/favicon.ftl"): Found
DEBUG pool-2-thread-1 freemarker.cache - Loading template for "freemarker/libraries/favicon.ftl"("en_GB", UTF-8, parsed) from "jar:file:/C:/Users/jorma/.gradle/caches/modules-2/files-2.1/net.serenity-bdd/serenity-report-resources/1.9.20/55fda2f402e79fcebc34ac6e1f68d8c4b4cb92f0/serenity-report-resources-1.9.20.jar!/freemarker/libraries/favicon.ftl"
DEBUG pool-2-thread-1 freemarker.cache - Couldn't find template in cache for "freemarker/libraries/common.ftl"("en_GB", UTF-8, parsed); will try to load it.
DEBUG pool-2-thread-1 freemarker.cache - TemplateLoader.findTemplateSource("freemarker/libraries/common_en_GB.ftl"): Not found
DEBUG pool-2-thread-1 freemarker.cache - TemplateLoader.findTemplateSource("freemarker/libraries/common_en.ftl"): Not found
DEBUG pool-2-thread-1 freemarker.cache - TemplateLoader.findTemplateSource("freemarker/libraries/common.ftl"): Found
DEBUG pool-2-thread-1 freemarker.cache - Loading template for "freemarker/libraries/common.ftl"("en_GB", UTF-8, parsed) from "jar:file:/C:/Users/jorma/.gradle/caches/modules-2/files-2.1/net.serenity-bdd/serenity-report-resources/1.9.20/55fda2f402e79fcebc34ac6e1f68d8c4b4cb92f0/serenity-report-resources-1.9.20.jar!/freemarker/libraries/common.ftl"
DEBUG pool-2-thread-1 freemarker.cache - Couldn't find template in cache for "freemarker/libraries/font-awesome.ftl"("en_GB", UTF-8, parsed); will try to load it.
DEBUG pool-2-thread-1 freemarker.cache - TemplateLoader.findTemplateSource("freemarker/libraries/font-awesome_en_GB.ftl"): Not found
DEBUG pool-2-thread-1 freemarker.cache - TemplateLoader.findTemplateSource("freemarker/libraries/font-awesome_en.ftl"): Not found
DEBUG pool-2-thread-1 freemarker.cache - TemplateLoader.findTemplateSource("freemarker/libraries/font-awesome.ftl"): Found
DEBUG pool-2-thread-1 freemarker.cache - Loading template for "freemarker/libraries/font-awesome.ftl"("en_GB", UTF-8, parsed) from "jar:file:/C:/Users/jorma/.gradle/caches/modules-2/files-2.1/net.serenity-bdd/serenity-report-resources/1.9.20/55fda2f402e79fcebc34ac6e1f68d8c4b4cb92f0/serenity-report-resources-1.9.20.jar!/freemarker/libraries/font-awesome.ftl"
DEBUG pool-2-thread-1 freemarker.cache - Couldn't find template in cache for "freemarker/libraries/jquery.ftl"("en_GB", UTF-8, parsed); will try to load it.
DEBUG pool-2-thread-1 freemarker.cache - TemplateLoader.findTemplateSource("freemarker/libraries/jquery_en_GB.ftl"): Not found
DEBUG pool-2-thread-1 freemarker.cache - TemplateLoader.findTemplateSource("freemarker/libraries/jquery_en.ftl"): Not found
DEBUG pool-2-thread-1 freemarker.cache - TemplateLoader.findTemplateSource("freemarker/libraries/jquery.ftl"): Found
DEBUG pool-2-thread-1 freemarker.cache - Loading template for "freemarker/libraries/jquery.ftl"("en_GB", UTF-8, parsed) from "jar:file:/C:/Users/jorma/.gradle/caches/modules-2/files-2.1/net.serenity-bdd/serenity-report-resources/1.9.20/55fda2f402e79fcebc34ac6e1f68d8c4b4cb92f0/serenity-report-resources-1.9.20.jar!/freemarker/libraries/jquery.ftl"
DEBUG pool-2-thread-1 freemarker.cache - Couldn't find template in cache for "freemarker/libraries/bootstrap.ftl"("en_GB", UTF-8, parsed); will try to load it.
DEBUG pool-2-thread-1 freemarker.cache - TemplateLoader.findTemplateSource("freemarker/libraries/bootstrap_en_GB.ftl"): Not found
DEBUG pool-2-thread-1 freemarker.cache - TemplateLoader.findTemplateSource("freemarker/libraries/bootstrap_en.ftl"): Not found
DEBUG pool-2-thread-1 freemarker.cache - TemplateLoader.findTemplateSource("freemarker/libraries/bootstrap.ftl"): Found
DEBUG pool-2-thread-1 freemarker.cache - Loading template for "freemarker/libraries/bootstrap.ftl"("en_GB", UTF-8, parsed) from "jar:file:/C:/Users/jorma/.gradle/caches/modules-2/files-2.1/net.serenity-bdd/serenity-report-resources/1.9.20/55fda2f402e79fcebc34ac6e1f68d8c4b4cb92f0/serenity-report-resources-1.9.20.jar!/freemarker/libraries/bootstrap.ftl"
DEBUG pool-2-thread-1 freemarker.cache - Couldn't find template in cache for "freemarker/libraries/css.ftl"("en_GB", UTF-8, parsed); will try to load it.
DEBUG pool-2-thread-1 freemarker.cache - TemplateLoader.findTemplateSource("freemarker/libraries/css_en_GB.ftl"): Not found
DEBUG pool-2-thread-1 freemarker.cache - TemplateLoader.findTemplateSource("freemarker/libraries/css_en.ftl"): Not found
DEBUG pool-2-thread-1 freemarker.cache - TemplateLoader.findTemplateSource("freemarker/libraries/css.ftl"): Found
DEBUG pool-2-thread-1 freemarker.cache - Loading template for "freemarker/libraries/css.ftl"("en_GB", UTF-8, parsed) from "jar:file:/C:/Users/jorma/.gradle/caches/modules-2/files-2.1/net.serenity-bdd/serenity-report-resources/1.9.20/55fda2f402e79fcebc34ac6e1f68d8c4b4cb92f0/serenity-report-resources-1.9.20.jar!/freemarker/libraries/css.ftl"
DEBUG pool-2-thread-1 freemarker.cache - Couldn't find template in cache for "freemarker/libraries/nivo-slider.ftl"("en_GB", UTF-8, parsed); will try to load it.
DEBUG pool-2-thread-1 freemarker.cache - TemplateLoader.findTemplateSource("freemarker/libraries/nivo-slider_en_GB.ftl"): Not found
DEBUG pool-2-thread-1 freemarker.cache - TemplateLoader.findTemplateSource("freemarker/libraries/nivo-slider_en.ftl"): Not found
DEBUG pool-2-thread-1 freemarker.cache - TemplateLoader.findTemplateSource("freemarker/libraries/nivo-slider.ftl"): Found
DEBUG pool-2-thread-1 freemarker.cache - Loading template for "freemarker/libraries/nivo-slider.ftl"("en_GB", UTF-8, parsed) from "jar:file:/C:/Users/jorma/.gradle/caches/modules-2/files-2.1/net.serenity-bdd/serenity-report-resources/1.9.20/55fda2f402e79fcebc34ac6e1f68d8c4b4cb92f0/serenity-report-resources-1.9.20.jar!/freemarker/libraries/nivo-slider.ftl"
DEBUG pool-2-thread-1 freemarker.cache - Couldn't find template in cache for "freemarker/components/stacktrace.ftl"("en_GB", UTF-8, parsed); will try to load it.
DEBUG pool-2-thread-1 freemarker.cache - TemplateLoader.findTemplateSource("freemarker/components/stacktrace_en_GB.ftl"): Not found
DEBUG pool-2-thread-1 freemarker.cache - TemplateLoader.findTemplateSource("freemarker/components/stacktrace_en.ftl"): Not found
DEBUG pool-2-thread-1 freemarker.cache - TemplateLoader.findTemplateSource("freemarker/components/stacktrace.ftl"): Found
DEBUG pool-2-thread-1 freemarker.cache - Loading template for "freemarker/components/stacktrace.ftl"("en_GB", UTF-8, parsed) from "jar:file:/C:/Users/jorma/.gradle/caches/modules-2/files-2.1/net.serenity-bdd/serenity-report-resources/1.9.20/55fda2f402e79fcebc34ac6e1f68d8c4b4cb92f0/serenity-report-resources-1.9.20.jar!/freemarker/components/stacktrace.ftl"
DEBUG pool-2-thread-1 freemarker.cache - Couldn't find template in cache for "freemarker/menu.ftl"("en_GB", UTF-8, parsed); will try to load it.
DEBUG pool-2-thread-1 freemarker.cache - TemplateLoader.findTemplateSource("freemarker/menu_en_GB.ftl"): Not found
DEBUG pool-2-thread-1 freemarker.cache - TemplateLoader.findTemplateSource("freemarker/menu_en.ftl"): Not found
DEBUG pool-2-thread-1 freemarker.cache - TemplateLoader.findTemplateSource("freemarker/menu.ftl"): Found
DEBUG pool-2-thread-1 freemarker.cache - Loading template for "freemarker/menu.ftl"("en_GB", UTF-8, parsed) from "jar:file:/C:/Users/jorma/.gradle/caches/modules-2/files-2.1/net.serenity-bdd/serenity-report-resources/1.9.20/55fda2f402e79fcebc34ac6e1f68d8c4b4cb92f0/serenity-report-resources-1.9.20.jar!/freemarker/menu.ftl"
DEBUG pool-2-thread-1 freemarker.cache - Couldn't find template in cache for "freemarker/default.ftl"("en_GB", UTF-8, parsed); will try to load it.
DEBUG pool-2-thread-1 freemarker.cache - TemplateLoader.findTemplateSource("freemarker/default_en_GB.ftl"): Not found
DEBUG pool-2-thread-1 freemarker.cache - TemplateLoader.findTemplateSource("freemarker/default_en.ftl"): Not found
DEBUG pool-2-thread-1 freemarker.cache - TemplateLoader.findTemplateSource("freemarker/default.ftl"): Found
DEBUG pool-2-thread-1 freemarker.cache - Loading template for "freemarker/default.ftl"("en_GB", UTF-8, parsed) from "jar:file:/C:/Users/jorma/.gradle/caches/modules-2/files-2.1/net.serenity-bdd/serenity-report-resources/1.9.20/55fda2f402e79fcebc34ac6e1f68d8c4b4cb92f0/serenity-report-resources-1.9.20.jar!/freemarker/default.ftl"
DEBUG pool-2-thread-1 freemarker.cache - "freemarker/libraries/favicon.ftl"("en_GB", UTF-8, parsed) cached copy not yet stale; using cached.
DEBUG pool-2-thread-1 freemarker.cache - "freemarker/libraries/common.ftl"("en_GB", UTF-8, parsed) cached copy not yet stale; using cached.
DEBUG pool-2-thread-1 freemarker.cache - "freemarker/libraries/font-awesome.ftl"("en_GB", UTF-8, parsed) cached copy not yet stale; using cached.
DEBUG pool-2-thread-1 freemarker.cache - "freemarker/libraries/jquery.ftl"("en_GB", UTF-8, parsed) cached copy not yet stale; using cached.
DEBUG pool-2-thread-1 freemarker.cache - "freemarker/libraries/bootstrap.ftl"("en_GB", UTF-8, parsed) cached copy not yet stale; using cached.
DEBUG pool-2-thread-1 freemarker.cache - "freemarker/libraries/css.ftl"("en_GB", UTF-8, parsed) cached copy not yet stale; using cached.
DEBUG pool-2-thread-1 freemarker.cache - Couldn't find template in cache for "freemarker/libraries/jquery-ui.ftl"("en_GB", UTF-8, parsed); will try to load it.
DEBUG pool-2-thread-1 freemarker.cache - TemplateLoader.findTemplateSource("freemarker/libraries/jquery-ui_en_GB.ftl"): Not found
DEBUG pool-2-thread-1 freemarker.cache - TemplateLoader.findTemplateSource("freemarker/libraries/jquery-ui_en.ftl"): Not found
DEBUG pool-2-thread-1 freemarker.cache - TemplateLoader.findTemplateSource("freemarker/libraries/jquery-ui.ftl"): Found
DEBUG pool-2-thread-1 freemarker.cache - Loading template for "freemarker/libraries/jquery-ui.ftl"("en_GB", UTF-8, parsed) from "jar:file:/C:/Users/jorma/.gradle/caches/modules-2/files-2.1/net.serenity-bdd/serenity-report-resources/1.9.20/55fda2f402e79fcebc34ac6e1f68d8c4b4cb92f0/serenity-report-resources-1.9.20.jar!/freemarker/libraries/jquery-ui.ftl"
DEBUG pool-2-thread-1 freemarker.cache - Couldn't find template in cache for "freemarker/libraries/datatables.ftl"("en_GB", UTF-8, parsed); will try to load it.
DEBUG pool-2-thread-1 freemarker.cache - TemplateLoader.findTemplateSource("freemarker/libraries/datatables_en_GB.ftl"): Not found
DEBUG pool-2-thread-1 freemarker.cache - TemplateLoader.findTemplateSource("freemarker/libraries/datatables_en.ftl"): Not found
DEBUG pool-2-thread-1 freemarker.cache - TemplateLoader.findTemplateSource("freemarker/libraries/datatables.ftl"): Found
DEBUG pool-2-thread-1 freemarker.cache - Loading template for "freemarker/libraries/datatables.ftl"("en_GB", UTF-8, parsed) from "jar:file:/C:/Users/jorma/.gradle/caches/modules-2/files-2.1/net.serenity-bdd/serenity-report-resources/1.9.20/55fda2f402e79fcebc34ac6e1f68d8c4b4cb92f0/serenity-report-resources-1.9.20.jar!/freemarker/libraries/datatables.ftl"
DEBUG pool-2-thread-1 freemarker.cache - Couldn't find template in cache for "freemarker/libraries/imgpreview.ftl"("en_GB", UTF-8, parsed); will try to load it.
DEBUG pool-2-thread-1 freemarker.cache - TemplateLoader.findTemplateSource("freemarker/libraries/imgpreview_en_GB.ftl"): Not found
DEBUG pool-2-thread-1 freemarker.cache - TemplateLoader.findTemplateSource("freemarker/libraries/imgpreview_en.ftl"): Not found
DEBUG pool-2-thread-1 freemarker.cache - TemplateLoader.findTemplateSource("freemarker/libraries/imgpreview.ftl"): Found
DEBUG pool-2-thread-1 freemarker.cache - Loading template for "freemarker/libraries/imgpreview.ftl"("en_GB", UTF-8, parsed) from "jar:file:/C:/Users/jorma/.gradle/caches/modules-2/files-2.1/net.serenity-bdd/serenity-report-resources/1.9.20/55fda2f402e79fcebc34ac6e1f68d8c4b4cb92f0/serenity-report-resources-1.9.20.jar!/freemarker/libraries/imgpreview.ftl"
DEBUG pool-2-thread-1 freemarker.cache - "freemarker/components/stacktrace.ftl"("en_GB", UTF-8, parsed) cached copy not yet stale; using cached.
DEBUG pool-2-thread-1 freemarker.cache - "freemarker/menu.ftl"("en_GB", UTF-8, parsed) cached copy not yet stale; using cached.
DEBUG pool-4-thread-1 freemarker.cache - TemplateLoader.findTemplateSource("freemarker/libraries/favicon_en_GB.ftl"): Not found
DEBUG pool-4-thread-1 freemarker.cache - TemplateLoader.findTemplateSource("freemarker/libraries/favicon_en.ftl"): Not found
DEBUG pool-4-thread-1 freemarker.cache - TemplateLoader.findTemplateSource("freemarker/libraries/favicon.ftl"): Found
DEBUG pool-4-thread-1 freemarker.cache - "freemarker/libraries/favicon.ftl"("en_GB", UTF-8, parsed): using cached since jar:file:/C:/Users/jorma/.gradle/caches/modules-2/files-2.1/net.serenity-bdd/serenity-report-resources/1.9.20/55fda2f402e79fcebc34ac6e1f68d8c4b4cb92f0/serenity-report-resources-1.9.20.jar!/freemarker/libraries/favicon.ftl hasn't changed.
DEBUG pool-4-thread-2 freemarker.cache - "freemarker/libraries/favicon.ftl"("en_GB", UTF-8, parsed) cached copy not yet stale; using cached.
DEBUG pool-4-thread-1 freemarker.cache - TemplateLoader.findTemplateSource("freemarker/libraries/common_en_GB.ftl"): Not found
DEBUG pool-4-thread-2 freemarker.cache - TemplateLoader.findTemplateSource("freemarker/libraries/common_en_GB.ftl"): Not found
DEBUG pool-4-thread-1 freemarker.cache - TemplateLoader.findTemplateSource("freemarker/libraries/common_en.ftl"): Not found
DEBUG pool-4-thread-2 freemarker.cache - TemplateLoader.findTemplateSource("freemarker/libraries/common_en.ftl"): Not found
DEBUG pool-4-thread-1 freemarker.cache - TemplateLoader.findTemplateSource("freemarker/libraries/common.ftl"): Found
DEBUG pool-4-thread-2 freemarker.cache - TemplateLoader.findTemplateSource("freemarker/libraries/common.ftl"): Found
DEBUG pool-4-thread-1 freemarker.cache - "freemarker/libraries/common.ftl"("en_GB", UTF-8, parsed): using cached since jar:file:/C:/Users/jorma/.gradle/caches/modules-2/files-2.1/net.serenity-bdd/serenity-report-resources/1.9.20/55fda2f402e79fcebc34ac6e1f68d8c4b4cb92f0/serenity-report-resources-1.9.20.jar!/freemarker/libraries/common.ftl hasn't changed.
DEBUG pool-4-thread-2 freemarker.cache - "freemarker/libraries/common.ftl"("en_GB", UTF-8, parsed): using cached since jar:file:/C:/Users/jorma/.gradle/caches/modules-2/files-2.1/net.serenity-bdd/serenity-report-resources/1.9.20/55fda2f402e79fcebc34ac6e1f68d8c4b4cb92f0/serenity-report-resources-1.9.20.jar!/freemarker/libraries/common.ftl hasn't changed.
DEBUG pool-4-thread-1 freemarker.cache - TemplateLoader.findTemplateSource("freemarker/libraries/font-awesome_en_GB.ftl"): Not found
DEBUG pool-4-thread-2 freemarker.cache - TemplateLoader.findTemplateSource("freemarker/libraries/font-awesome_en_GB.ftl"): Not found
DEBUG pool-4-thread-1 freemarker.cache - TemplateLoader.findTemplateSource("freemarker/libraries/font-awesome_en.ftl"): Not found
DEBUG pool-4-thread-2 freemarker.cache - TemplateLoader.findTemplateSource("freemarker/libraries/font-awesome_en.ftl"): Not found
DEBUG pool-4-thread-1 freemarker.cache - TemplateLoader.findTemplateSource("freemarker/libraries/font-awesome.ftl"): Found
DEBUG pool-4-thread-2 freemarker.cache - TemplateLoader.findTemplateSource("freemarker/libraries/font-awesome.ftl"): Found
DEBUG pool-4-thread-1 freemarker.cache - "freemarker/libraries/font-awesome.ftl"("en_GB", UTF-8, parsed): using cached since jar:file:/C:/Users/jorma/.gradle/caches/modules-2/files-2.1/net.serenity-bdd/serenity-report-resources/1.9.20/55fda2f402e79fcebc34ac6e1f68d8c4b4cb92f0/serenity-report-resources-1.9.20.jar!/freemarker/libraries/font-awesome.ftl hasn't changed.
DEBUG pool-4-thread-2 freemarker.cache - "freemarker/libraries/font-awesome.ftl"("en_GB", UTF-8, parsed): using cached since jar:file:/C:/Users/jorma/.gradle/caches/modules-2/files-2.1/net.serenity-bdd/serenity-report-resources/1.9.20/55fda2f402e79fcebc34ac6e1f68d8c4b4cb92f0/serenity-report-resources-1.9.20.jar!/freemarker/libraries/font-awesome.ftl hasn't changed.
DEBUG pool-4-thread-1 freemarker.cache - TemplateLoader.findTemplateSource("freemarker/libraries/jquery_en_GB.ftl"): Not found
DEBUG pool-4-thread-2 freemarker.cache - TemplateLoader.findTemplateSource("freemarker/libraries/jquery_en_GB.ftl"): Not found
DEBUG pool-4-thread-1 freemarker.cache - TemplateLoader.findTemplateSource("freemarker/libraries/jquery_en.ftl"): Not found
DEBUG pool-4-thread-2 freemarker.cache - TemplateLoader.findTemplateSource("freemarker/libraries/jquery_en.ftl"): Not found
DEBUG pool-4-thread-1 freemarker.cache - TemplateLoader.findTemplateSource("freemarker/libraries/jquery.ftl"): Found
DEBUG pool-4-thread-2 freemarker.cache - TemplateLoader.findTemplateSource("freemarker/libraries/jquery.ftl"): Found
DEBUG pool-4-thread-1 freemarker.cache - "freemarker/libraries/jquery.ftl"("en_GB", UTF-8, parsed): using cached since jar:file:/C:/Users/jorma/.gradle/caches/modules-2/files-2.1/net.serenity-bdd/serenity-report-resources/1.9.20/55fda2f402e79fcebc34ac6e1f68d8c4b4cb92f0/serenity-report-resources-1.9.20.jar!/freemarker/libraries/jquery.ftl hasn't changed.
DEBUG pool-4-thread-2 freemarker.cache - "freemarker/libraries/jquery.ftl"("en_GB", UTF-8, parsed): using cached since jar:file:/C:/Users/jorma/.gradle/caches/modules-2/files-2.1/net.serenity-bdd/serenity-report-resources/1.9.20/55fda2f402e79fcebc34ac6e1f68d8c4b4cb92f0/serenity-report-resources-1.9.20.jar!/freemarker/libraries/jquery.ftl hasn't changed.
DEBUG pool-4-thread-1 freemarker.cache - TemplateLoader.findTemplateSource("freemarker/libraries/bootstrap_en_GB.ftl"): Not found
DEBUG pool-4-thread-2 freemarker.cache - TemplateLoader.findTemplateSource("freemarker/libraries/bootstrap_en_GB.ftl"): Not found
DEBUG pool-4-thread-1 freemarker.cache - TemplateLoader.findTemplateSource("freemarker/libraries/bootstrap_en.ftl"): Not found
DEBUG pool-4-thread-2 freemarker.cache - TemplateLoader.findTemplateSource("freemarker/libraries/bootstrap_en.ftl"): Not found
DEBUG pool-4-thread-1 freemarker.cache - TemplateLoader.findTemplateSource("freemarker/libraries/bootstrap.ftl"): Found
DEBUG pool-4-thread-2 freemarker.cache - TemplateLoader.findTemplateSource("freemarker/libraries/bootstrap.ftl"): Found
DEBUG pool-4-thread-1 freemarker.cache - "freemarker/libraries/bootstrap.ftl"("en_GB", UTF-8, parsed): using cached since jar:file:/C:/Users/jorma/.gradle/caches/modules-2/files-2.1/net.serenity-bdd/serenity-report-resources/1.9.20/55fda2f402e79fcebc34ac6e1f68d8c4b4cb92f0/serenity-report-resources-1.9.20.jar!/freemarker/libraries/bootstrap.ftl hasn't changed.
DEBUG pool-4-thread-2 freemarker.cache - "freemarker/libraries/bootstrap.ftl"("en_GB", UTF-8, parsed): using cached since jar:file:/C:/Users/jorma/.gradle/caches/modules-2/files-2.1/net.serenity-bdd/serenity-report-resources/1.9.20/55fda2f402e79fcebc34ac6e1f68d8c4b4cb92f0/serenity-report-resources-1.9.20.jar!/freemarker/libraries/bootstrap.ftl hasn't changed.
DEBUG pool-4-thread-1 freemarker.cache - TemplateLoader.findTemplateSource("freemarker/libraries/css_en_GB.ftl"): Not found
DEBUG pool-4-thread-2 freemarker.cache - TemplateLoader.findTemplateSource("freemarker/libraries/css_en_GB.ftl"): Not found
DEBUG pool-4-thread-1 freemarker.cache - TemplateLoader.findTemplateSource("freemarker/libraries/css_en.ftl"): Not found
DEBUG pool-4-thread-2 freemarker.cache - TemplateLoader.findTemplateSource("freemarker/libraries/css_en.ftl"): Not found
DEBUG pool-4-thread-1 freemarker.cache - TemplateLoader.findTemplateSource("freemarker/libraries/css.ftl"): Found
DEBUG pool-4-thread-2 freemarker.cache - TemplateLoader.findTemplateSource("freemarker/libraries/css.ftl"): Found
DEBUG pool-4-thread-1 freemarker.cache - "freemarker/libraries/css.ftl"("en_GB", UTF-8, parsed): using cached since jar:file:/C:/Users/jorma/.gradle/caches/modules-2/files-2.1/net.serenity-bdd/serenity-report-resources/1.9.20/55fda2f402e79fcebc34ac6e1f68d8c4b4cb92f0/serenity-report-resources-1.9.20.jar!/freemarker/libraries/css.ftl hasn't changed.
DEBUG pool-4-thread-2 freemarker.cache - "freemarker/libraries/css.ftl"("en_GB", UTF-8, parsed): using cached since jar:file:/C:/Users/jorma/.gradle/caches/modules-2/files-2.1/net.serenity-bdd/serenity-report-resources/1.9.20/55fda2f402e79fcebc34ac6e1f68d8c4b4cb92f0/serenity-report-resources-1.9.20.jar!/freemarker/libraries/css.ftl hasn't changed.
DEBUG pool-4-thread-1 freemarker.cache - TemplateLoader.findTemplateSource("freemarker/libraries/nivo-slider_en_GB.ftl"): Not found
DEBUG pool-4-thread-2 freemarker.cache - TemplateLoader.findTemplateSource("freemarker/libraries/nivo-slider_en_GB.ftl"): Not found
DEBUG pool-4-thread-1 freemarker.cache - TemplateLoader.findTemplateSource("freemarker/libraries/nivo-slider_en.ftl"): Not found
DEBUG pool-4-thread-2 freemarker.cache - TemplateLoader.findTemplateSource("freemarker/libraries/nivo-slider_en.ftl"): Not found
DEBUG pool-4-thread-1 freemarker.cache - TemplateLoader.findTemplateSource("freemarker/libraries/nivo-slider.ftl"): Found
DEBUG pool-4-thread-2 freemarker.cache - TemplateLoader.findTemplateSource("freemarker/libraries/nivo-slider.ftl"): Found
DEBUG pool-4-thread-1 freemarker.cache - "freemarker/libraries/nivo-slider.ftl"("en_GB", UTF-8, parsed): using cached since jar:file:/C:/Users/jorma/.gradle/caches/modules-2/files-2.1/net.serenity-bdd/serenity-report-resources/1.9.20/55fda2f402e79fcebc34ac6e1f68d8c4b4cb92f0/serenity-report-resources-1.9.20.jar!/freemarker/libraries/nivo-slider.ftl hasn't changed.
DEBUG pool-4-thread-2 freemarker.cache - "freemarker/libraries/nivo-slider.ftl"("en_GB", UTF-8, parsed): using cached since jar:file:/C:/Users/jorma/.gradle/caches/modules-2/files-2.1/net.serenity-bdd/serenity-report-resources/1.9.20/55fda2f402e79fcebc34ac6e1f68d8c4b4cb92f0/serenity-report-resources-1.9.20.jar!/freemarker/libraries/nivo-slider.ftl hasn't changed.
DEBUG pool-4-thread-1 freemarker.cache - TemplateLoader.findTemplateSource("freemarker/components/stacktrace_en_GB.ftl"): Not found
DEBUG pool-4-thread-2 freemarker.cache - TemplateLoader.findTemplateSource("freemarker/components/stacktrace_en_GB.ftl"): Not found
DEBUG pool-4-thread-1 freemarker.cache - TemplateLoader.findTemplateSource("freemarker/components/stacktrace_en.ftl"): Not found
DEBUG pool-4-thread-2 freemarker.cache - TemplateLoader.findTemplateSource("freemarker/components/stacktrace_en.ftl"): Not found
DEBUG pool-4-thread-1 freemarker.cache - TemplateLoader.findTemplateSource("freemarker/components/stacktrace.ftl"): Found
DEBUG pool-4-thread-2 freemarker.cache - TemplateLoader.findTemplateSource("freemarker/components/stacktrace.ftl"): Found
DEBUG pool-4-thread-1 freemarker.cache - "freemarker/components/stacktrace.ftl"("en_GB", UTF-8, parsed): using cached since jar:file:/C:/Users/jorma/.gradle/caches/modules-2/files-2.1/net.serenity-bdd/serenity-report-resources/1.9.20/55fda2f402e79fcebc34ac6e1f68d8c4b4cb92f0/serenity-report-resources-1.9.20.jar!/freemarker/components/stacktrace.ftl hasn't changed.
DEBUG pool-4-thread-2 freemarker.cache - "freemarker/components/stacktrace.ftl"("en_GB", UTF-8, parsed): using cached since jar:file:/C:/Users/jorma/.gradle/caches/modules-2/files-2.1/net.serenity-bdd/serenity-report-resources/1.9.20/55fda2f402e79fcebc34ac6e1f68d8c4b4cb92f0/serenity-report-resources-1.9.20.jar!/freemarker/components/stacktrace.ftl hasn't changed.
DEBUG pool-4-thread-2 freemarker.cache - TemplateLoader.findTemplateSource("freemarker/menu_en_GB.ftl"): Not found
DEBUG pool-4-thread-1 freemarker.cache - TemplateLoader.findTemplateSource("freemarker/menu_en_GB.ftl"): Not found
DEBUG pool-4-thread-2 freemarker.cache - TemplateLoader.findTemplateSource("freemarker/menu_en.ftl"): Not found
DEBUG pool-4-thread-1 freemarker.cache - TemplateLoader.findTemplateSource("freemarker/menu_en.ftl"): Not found
DEBUG pool-4-thread-2 freemarker.cache - TemplateLoader.findTemplateSource("freemarker/menu.ftl"): Found
DEBUG pool-4-thread-1 freemarker.cache - TemplateLoader.findTemplateSource("freemarker/menu.ftl"): Found
DEBUG pool-4-thread-2 freemarker.cache - "freemarker/menu.ftl"("en_GB", UTF-8, parsed): using cached since jar:file:/C:/Users/jorma/.gradle/caches/modules-2/files-2.1/net.serenity-bdd/serenity-report-resources/1.9.20/55fda2f402e79fcebc34ac6e1f68d8c4b4cb92f0/serenity-report-resources-1.9.20.jar!/freemarker/menu.ftl hasn't changed.
DEBUG pool-4-thread-1 freemarker.cache - "freemarker/menu.ftl"("en_GB", UTF-8, parsed): using cached since jar:file:/C:/Users/jorma/.gradle/caches/modules-2/files-2.1/net.serenity-bdd/serenity-report-resources/1.9.20/55fda2f402e79fcebc34ac6e1f68d8c4b4cb92f0/serenity-report-resources-1.9.20.jar!/freemarker/menu.ftl hasn't changed.
DEBUG pool-4-thread-2 freemarker.cache - "freemarker/libraries/favicon.ftl"("en_GB", UTF-8, parsed) cached copy not yet stale; using cached.
DEBUG pool-4-thread-2 freemarker.cache - "freemarker/libraries/common.ftl"("en_GB", UTF-8, parsed) cached copy not yet stale; using cached.
DEBUG pool-4-thread-1 freemarker.cache - "freemarker/libraries/favicon.ftl"("en_GB", UTF-8, parsed) cached copy not yet stale; using cached.
DEBUG pool-4-thread-2 freemarker.cache - "freemarker/libraries/font-awesome.ftl"("en_GB", UTF-8, parsed) cached copy not yet stale; using cached.
DEBUG pool-4-thread-2 freemarker.cache - "freemarker/libraries/jquery.ftl"("en_GB", UTF-8, parsed) cached copy not yet stale; using cached.
DEBUG pool-4-thread-2 freemarker.cache - "freemarker/libraries/bootstrap.ftl"("en_GB", UTF-8, parsed) cached copy not yet stale; using cached.
DEBUG pool-4-thread-1 freemarker.cache - "freemarker/libraries/common.ftl"("en_GB", UTF-8, parsed) cached copy not yet stale; using cached.
DEBUG pool-4-thread-1 freemarker.cache - "freemarker/libraries/font-awesome.ftl"("en_GB", UTF-8, parsed) cached copy not yet stale; using cached.
DEBUG pool-4-thread-2 freemarker.cache - "freemarker/libraries/css.ftl"("en_GB", UTF-8, parsed) cached copy not yet stale; using cached.
DEBUG pool-4-thread-1 freemarker.cache - "freemarker/libraries/jquery.ftl"("en_GB", UTF-8, parsed) cached copy not yet stale; using cached.
DEBUG pool-4-thread-1 freemarker.cache - "freemarker/libraries/bootstrap.ftl"("en_GB", UTF-8, parsed) cached copy not yet stale; using cached.
DEBUG pool-4-thread-1 freemarker.cache - "freemarker/libraries/css.ftl"("en_GB", UTF-8, parsed) cached copy not yet stale; using cached.
DEBUG pool-4-thread-2 freemarker.cache - TemplateLoader.findTemplateSource("freemarker/libraries/jquery-ui_en_GB.ftl"): Not found
DEBUG pool-4-thread-1 freemarker.cache - TemplateLoader.findTemplateSource("freemarker/libraries/jquery-ui_en_GB.ftl"): Not found
DEBUG pool-4-thread-2 freemarker.cache - TemplateLoader.findTemplateSource("freemarker/libraries/jquery-ui_en.ftl"): Not found
DEBUG pool-4-thread-1 freemarker.cache - TemplateLoader.findTemplateSource("freemarker/libraries/jquery-ui_en.ftl"): Not found
DEBUG pool-4-thread-2 freemarker.cache - TemplateLoader.findTemplateSource("freemarker/libraries/jquery-ui.ftl"): Found
DEBUG pool-4-thread-1 freemarker.cache - TemplateLoader.findTemplateSource("freemarker/libraries/jquery-ui.ftl"): Found
DEBUG pool-4-thread-2 freemarker.cache - "freemarker/libraries/jquery-ui.ftl"("en_GB", UTF-8, parsed): using cached since jar:file:/C:/Users/jorma/.gradle/caches/modules-2/files-2.1/net.serenity-bdd/serenity-report-resources/1.9.20/55fda2f402e79fcebc34ac6e1f68d8c4b4cb92f0/serenity-report-resources-1.9.20.jar!/freemarker/libraries/jquery-ui.ftl hasn't changed.
DEBUG pool-4-thread-1 freemarker.cache - "freemarker/libraries/jquery-ui.ftl"("en_GB", UTF-8, parsed): using cached since jar:file:/C:/Users/jorma/.gradle/caches/modules-2/files-2.1/net.serenity-bdd/serenity-report-resources/1.9.20/55fda2f402e79fcebc34ac6e1f68d8c4b4cb92f0/serenity-report-resources-1.9.20.jar!/freemarker/libraries/jquery-ui.ftl hasn't changed.
DEBUG pool-4-thread-2 freemarker.cache - TemplateLoader.findTemplateSource("freemarker/libraries/datatables_en_GB.ftl"): Not found
DEBUG pool-4-thread-1 freemarker.cache - TemplateLoader.findTemplateSource("freemarker/libraries/datatables_en_GB.ftl"): Not found
DEBUG pool-4-thread-2 freemarker.cache - TemplateLoader.findTemplateSource("freemarker/libraries/datatables_en.ftl"): Not found
DEBUG pool-4-thread-2 freemarker.cache - TemplateLoader.findTemplateSource("freemarker/libraries/datatables.ftl"): Found
DEBUG pool-4-thread-1 freemarker.cache - TemplateLoader.findTemplateSource("freemarker/libraries/datatables_en.ftl"): Not found
DEBUG pool-4-thread-2 freemarker.cache - "freemarker/libraries/datatables.ftl"("en_GB", UTF-8, parsed): using cached since jar:file:/C:/Users/jorma/.gradle/caches/modules-2/files-2.1/net.serenity-bdd/serenity-report-resources/1.9.20/55fda2f402e79fcebc34ac6e1f68d8c4b4cb92f0/serenity-report-resources-1.9.20.jar!/freemarker/libraries/datatables.ftl hasn't changed.
DEBUG pool-4-thread-1 freemarker.cache - TemplateLoader.findTemplateSource("freemarker/libraries/datatables.ftl"): Found
DEBUG pool-4-thread-1 freemarker.cache - "freemarker/libraries/datatables.ftl"("en_GB", UTF-8, parsed): using cached since jar:file:/C:/Users/jorma/.gradle/caches/modules-2/files-2.1/net.serenity-bdd/serenity-report-resources/1.9.20/55fda2f402e79fcebc34ac6e1f68d8c4b4cb92f0/serenity-report-resources-1.9.20.jar!/freemarker/libraries/datatables.ftl hasn't changed.
DEBUG pool-4-thread-2 freemarker.cache - TemplateLoader.findTemplateSource("freemarker/libraries/imgpreview_en_GB.ftl"): Not found
DEBUG pool-4-thread-1 freemarker.cache - TemplateLoader.findTemplateSource("freemarker/libraries/imgpreview_en_GB.ftl"): Not found
DEBUG pool-4-thread-2 freemarker.cache - TemplateLoader.findTemplateSource("freemarker/libraries/imgpreview_en.ftl"): Not found
DEBUG pool-4-thread-2 freemarker.cache - TemplateLoader.findTemplateSource("freemarker/libraries/imgpreview.ftl"): Found
DEBUG pool-4-thread-1 freemarker.cache - TemplateLoader.findTemplateSource("freemarker/libraries/imgpreview_en.ftl"): Not found
DEBUG pool-4-thread-2 freemarker.cache - "freemarker/libraries/imgpreview.ftl"("en_GB", UTF-8, parsed): using cached since jar:file:/C:/Users/jorma/.gradle/caches/modules-2/files-2.1/net.serenity-bdd/serenity-report-resources/1.9.20/55fda2f402e79fcebc34ac6e1f68d8c4b4cb92f0/serenity-report-resources-1.9.20.jar!/freemarker/libraries/imgpreview.ftl hasn't changed.
DEBUG pool-4-thread-1 freemarker.cache - TemplateLoader.findTemplateSource("freemarker/libraries/imgpreview.ftl"): Found
DEBUG pool-4-thread-2 freemarker.cache - "freemarker/components/stacktrace.ftl"("en_GB", UTF-8, parsed) cached copy not yet stale; using cached.
DEBUG pool-4-thread-1 freemarker.cache - "freemarker/libraries/imgpreview.ftl"("en_GB", UTF-8, parsed): using cached since jar:file:/C:/Users/jorma/.gradle/caches/modules-2/files-2.1/net.serenity-bdd/serenity-report-resources/1.9.20/55fda2f402e79fcebc34ac6e1f68d8c4b4cb92f0/serenity-report-resources-1.9.20.jar!/freemarker/libraries/imgpreview.ftl hasn't changed.
DEBUG pool-4-thread-1 freemarker.cache - "freemarker/components/stacktrace.ftl"("en_GB", UTF-8, parsed) cached copy not yet stale; using cached.
DEBUG pool-4-thread-2 freemarker.cache - "freemarker/menu.ftl"("en_GB", UTF-8, parsed) cached copy not yet stale; using cached.
DEBUG pool-4-thread-1 freemarker.cache - "freemarker/menu.ftl"("en_GB", UTF-8, parsed) cached copy not yet stale; using cached.
DEBUG pool-6-thread-2 freemarker.cache - "freemarker/libraries/favicon.ftl"("en_GB", UTF-8, parsed) cached copy not yet stale; using cached.
DEBUG pool-6-thread-1 freemarker.cache - "freemarker/libraries/favicon.ftl"("en_GB", UTF-8, parsed) cached copy not yet stale; using cached.
DEBUG pool-6-thread-2 freemarker.cache - "freemarker/libraries/common.ftl"("en_GB", UTF-8, parsed) cached copy not yet stale; using cached.
DEBUG pool-6-thread-1 freemarker.cache - "freemarker/libraries/common.ftl"("en_GB", UTF-8, parsed) cached copy not yet stale; using cached.
DEBUG pool-6-thread-2 freemarker.cache - "freemarker/libraries/font-awesome.ftl"("en_GB", UTF-8, parsed) cached copy not yet stale; using cached.
DEBUG pool-6-thread-1 freemarker.cache - "freemarker/libraries/font-awesome.ftl"("en_GB", UTF-8, parsed) cached copy not yet stale; using cached.
DEBUG pool-6-thread-2 freemarker.cache - "freemarker/libraries/jquery.ftl"("en_GB", UTF-8, parsed) cached copy not yet stale; using cached.
DEBUG pool-6-thread-1 freemarker.cache - "freemarker/libraries/jquery.ftl"("en_GB", UTF-8, parsed) cached copy not yet stale; using cached.
DEBUG pool-6-thread-2 freemarker.cache - "freemarker/libraries/bootstrap.ftl"("en_GB", UTF-8, parsed) cached copy not yet stale; using cached.
DEBUG pool-6-thread-1 freemarker.cache - "freemarker/libraries/bootstrap.ftl"("en_GB", UTF-8, parsed) cached copy not yet stale; using cached.
DEBUG pool-6-thread-2 freemarker.cache - "freemarker/libraries/css.ftl"("en_GB", UTF-8, parsed) cached copy not yet stale; using cached.
DEBUG pool-6-thread-1 freemarker.cache - "freemarker/libraries/css.ftl"("en_GB", UTF-8, parsed) cached copy not yet stale; using cached.
DEBUG pool-6-thread-2 freemarker.cache - "freemarker/libraries/nivo-slider.ftl"("en_GB", UTF-8, parsed) cached copy not yet stale; using cached.
DEBUG pool-6-thread-1 freemarker.cache - "freemarker/libraries/nivo-slider.ftl"("en_GB", UTF-8, parsed) cached copy not yet stale; using cached.
DEBUG pool-6-thread-2 freemarker.cache - "freemarker/components/stacktrace.ftl"("en_GB", UTF-8, parsed) cached copy not yet stale; using cached.
DEBUG pool-6-thread-1 freemarker.cache - "freemarker/components/stacktrace.ftl"("en_GB", UTF-8, parsed) cached copy not yet stale; using cached.
DEBUG pool-6-thread-1 freemarker.cache - "freemarker/menu.ftl"("en_GB", UTF-8, parsed) cached copy not yet stale; using cached.
DEBUG pool-6-thread-2 freemarker.cache - "freemarker/menu.ftl"("en_GB", UTF-8, parsed) cached copy not yet stale; using cached.
DEBUG pool-6-thread-1 freemarker.cache - "freemarker/libraries/favicon.ftl"("en_GB", UTF-8, parsed) cached copy not yet stale; using cached.
DEBUG pool-6-thread-1 freemarker.cache - "freemarker/libraries/common.ftl"("en_GB", UTF-8, parsed) cached copy not yet stale; using cached.
DEBUG pool-6-thread-1 freemarker.cache - "freemarker/libraries/font-awesome.ftl"("en_GB", UTF-8, parsed) cached copy not yet stale; using cached.
DEBUG pool-6-thread-1 freemarker.cache - "freemarker/libraries/jquery.ftl"("en_GB", UTF-8, parsed) cached copy not yet stale; using cached.
DEBUG pool-6-thread-1 freemarker.cache - "freemarker/libraries/bootstrap.ftl"("en_GB", UTF-8, parsed) cached copy not yet stale; using cached.
DEBUG pool-6-thread-1 freemarker.cache - "freemarker/libraries/css.ftl"("en_GB", UTF-8, parsed) cached copy not yet stale; using cached.
DEBUG pool-6-thread-1 freemarker.cache - "freemarker/libraries/jquery-ui.ftl"("en_GB", UTF-8, parsed) cached copy not yet stale; using cached.
DEBUG pool-6-thread-1 freemarker.cache - "freemarker/libraries/datatables.ftl"("en_GB", UTF-8, parsed) cached copy not yet stale; using cached.
DEBUG pool-6-thread-1 freemarker.cache - "freemarker/libraries/imgpreview.ftl"("en_GB", UTF-8, parsed) cached copy not yet stale; using cached.
DEBUG pool-6-thread-1 freemarker.cache - "freemarker/components/stacktrace.ftl"("en_GB", UTF-8, parsed) cached copy not yet stale; using cached.
DEBUG pool-6-thread-2 freemarker.cache - "freemarker/libraries/favicon.ftl"("en_GB", UTF-8, parsed) cached copy not yet stale; using cached.
DEBUG pool-6-thread-2 freemarker.cache - "freemarker/libraries/common.ftl"("en_GB", UTF-8, parsed) cached copy not yet stale; using cached.
DEBUG pool-6-thread-2 freemarker.cache - "freemarker/libraries/font-awesome.ftl"("en_GB", UTF-8, parsed) cached copy not yet stale; using cached.
DEBUG pool-6-thread-1 freemarker.cache - "freemarker/menu.ftl"("en_GB", UTF-8, parsed) cached copy not yet stale; using cached.
DEBUG pool-6-thread-2 freemarker.cache - "freemarker/libraries/jquery.ftl"("en_GB", UTF-8, parsed) cached copy not yet stale; using cached.
DEBUG pool-6-thread-2 freemarker.cache - "freemarker/libraries/bootstrap.ftl"("en_GB", UTF-8, parsed) cached copy not yet stale; using cached.
DEBUG pool-6-thread-2 freemarker.cache - "freemarker/libraries/css.ftl"("en_GB", UTF-8, parsed) cached copy not yet stale; using cached.
DEBUG pool-6-thread-2 freemarker.cache - "freemarker/libraries/jquery-ui.ftl"("en_GB", UTF-8, parsed) cached copy not yet stale; using cached.
DEBUG pool-6-thread-2 freemarker.cache - "freemarker/libraries/datatables.ftl"("en_GB", UTF-8, parsed) cached copy not yet stale; using cached.
DEBUG pool-6-thread-2 freemarker.cache - "freemarker/libraries/imgpreview.ftl"("en_GB", UTF-8, parsed) cached copy not yet stale; using cached.
DEBUG pool-6-thread-2 freemarker.cache - "freemarker/components/stacktrace.ftl"("en_GB", UTF-8, parsed) cached copy not yet stale; using cached.
DEBUG pool-6-thread-2 freemarker.cache - "freemarker/menu.ftl"("en_GB", UTF-8, parsed) cached copy not yet stale; using cached.
